============================= test session starts ==============================
platform linux -- Python 3.10.19, pytest-9.0.3, pluggy-1.6.0 -- /home/mjs/src/icon4py-worktrees/copilot/update-locked-packages/.venv/bin/python
cachedir: .pytest_cache
benchmark: 5.2.3 (defaults: timer=time.perf_counter disable_gc=False min_rounds=5 min_time=0.000005 max_time=1.0 calibration_precision=10 warmup=False warmup_iterations=100000)
rootdir: /home/mjs/src/icon4py-worktrees/copilot/update-locked-packages
configfile: pyproject.toml
plugins: mpi-0.6, factoryboy-2.8.1, xdist-3.8.0, Faker-40.15.0, benchmark-5.2.3, unused-fixtures-0.3.1, anyio-4.13.0, devtools-0.12.2
collecting ... collected 2256 items / 1454 deselected / 802 selected

model/common/tests/common/decomposition/mpi_tests/test_mpi_decomposition.py::test_props[True] PASSED
model/common/tests/common/decomposition/mpi_tests/test_mpi_decomposition.py::test_decomposition_info_masked[dim0-owned0-total0-True-experiment0] XFAIL
model/common/tests/common/decomposition/mpi_tests/test_mpi_decomposition.py::test_decomposition_info_masked[dim1-owned1-total1-True-experiment0] XFAIL
model/common/tests/common/decomposition/mpi_tests/test_mpi_decomposition.py::test_decomposition_info_masked[dim2-owned2-total2-True-experiment0] XFAIL
model/common/tests/common/decomposition/mpi_tests/test_mpi_decomposition.py::test_decomposition_info_local_index[dim0-owned0-total0-experiment0-True] XFAIL
model/common/tests/common/decomposition/mpi_tests/test_mpi_decomposition.py::test_decomposition_info_local_index[dim1-owned1-total1-experiment0-True] XFAIL
model/common/tests/common/decomposition/mpi_tests/test_mpi_decomposition.py::test_decomposition_info_local_index[dim2-owned2-total2-experiment0-True] XFAIL
model/common/tests/common/decomposition/mpi_tests/test_mpi_decomposition.py::test_decomposition_info_halo_level_mask[False-exclaim_ch_r04b09_dsl-dim0] PASSED
model/common/tests/common/decomposition/mpi_tests/test_mpi_decomposition.py::test_decomposition_info_halo_level_mask[False-exclaim_ch_r04b09_dsl-dim1] PASSED
model/common/tests/common/decomposition/mpi_tests/test_mpi_decomposition.py::test_decomposition_info_halo_level_mask[False-exclaim_ch_r04b09_dsl-dim2] PASSED
model/common/tests/common/decomposition/mpi_tests/test_mpi_decomposition.py::test_decomposition_info_halo_level_mask[False-exclaim_ape_R02B04-dim0] PASSED
model/common/tests/common/decomposition/mpi_tests/test_mpi_decomposition.py::test_decomposition_info_halo_level_mask[False-exclaim_ape_R02B04-dim1] PASSED
model/common/tests/common/decomposition/mpi_tests/test_mpi_decomposition.py::test_decomposition_info_halo_level_mask[False-exclaim_ape_R02B04-dim2] PASSED
model/common/tests/common/decomposition/mpi_tests/test_mpi_decomposition.py::test_decomposition_info_halo_level_mask[False-exclaim_gauss3d-dim0] PASSED
model/common/tests/common/decomposition/mpi_tests/test_mpi_decomposition.py::test_decomposition_info_halo_level_mask[False-exclaim_gauss3d-dim1] PASSED
model/common/tests/common/decomposition/mpi_tests/test_mpi_decomposition.py::test_decomposition_info_halo_level_mask[False-exclaim_gauss3d-dim2] PASSED
model/common/tests/common/decomposition/mpi_tests/test_mpi_decomposition.py::test_decomposition_info_third_level_is_empty[False-exclaim_ch_r04b09_dsl-dim0] PASSED
model/common/tests/common/decomposition/mpi_tests/test_mpi_decomposition.py::test_decomposition_info_third_level_is_empty[False-exclaim_ch_r04b09_dsl-dim1] PASSED
model/common/tests/common/decomposition/mpi_tests/test_mpi_decomposition.py::test_decomposition_info_third_level_is_empty[False-exclaim_ch_r04b09_dsl-dim2] PASSED
model/common/tests/common/decomposition/mpi_tests/test_mpi_decomposition.py::test_decomposition_info_third_level_is_empty[False-exclaim_ape_R02B04-dim0] PASSED
model/common/tests/common/decomposition/mpi_tests/test_mpi_decomposition.py::test_decomposition_info_third_level_is_empty[False-exclaim_ape_R02B04-dim1] PASSED
model/common/tests/common/decomposition/mpi_tests/test_mpi_decomposition.py::test_decomposition_info_third_level_is_empty[False-exclaim_ape_R02B04-dim2] PASSED
model/common/tests/common/decomposition/mpi_tests/test_mpi_decomposition.py::test_decomposition_info_third_level_is_empty[False-exclaim_gauss3d-dim0] PASSED
model/common/tests/common/decomposition/mpi_tests/test_mpi_decomposition.py::test_decomposition_info_third_level_is_empty[False-exclaim_gauss3d-dim1] PASSED
model/common/tests/common/decomposition/mpi_tests/test_mpi_decomposition.py::test_decomposition_info_third_level_is_empty[False-exclaim_gauss3d-dim2] PASSED
model/common/tests/common/decomposition/mpi_tests/test_mpi_decomposition.py::test_domain_descriptor_id_are_globally_unique[1-True] PASSED
model/common/tests/common/decomposition/mpi_tests/test_mpi_decomposition.py::test_domain_descriptor_id_are_globally_unique[2-True] PASSED
model/common/tests/common/decomposition/mpi_tests/test_mpi_decomposition.py::test_domain_descriptor_id_are_globally_unique[3-True] PASSED
model/common/tests/common/decomposition/mpi_tests/test_mpi_decomposition.py::test_domain_descriptor_id_are_globally_unique[4-True] PASSED
model/common/tests/common/decomposition/mpi_tests/test_mpi_decomposition.py::test_domain_descriptor_id_are_globally_unique[5-True] PASSED
model/common/tests/common/decomposition/mpi_tests/test_mpi_decomposition.py::test_domain_descriptor_id_are_globally_unique[6-True] PASSED
model/common/tests/common/decomposition/mpi_tests/test_mpi_decomposition.py::test_domain_descriptor_id_are_globally_unique[7-True] PASSED
model/common/tests/common/decomposition/mpi_tests/test_mpi_decomposition.py::test_domain_descriptor_id_are_globally_unique[8-True] PASSED
model/common/tests/common/decomposition/mpi_tests/test_mpi_decomposition.py::test_decomposition_info_matches_gridsize[exclaim_ch_r04b09_dsl-True] PASSED
model/common/tests/common/decomposition/mpi_tests/test_mpi_decomposition.py::test_decomposition_info_matches_gridsize[exclaim_ape_R02B04-True] PASSED
model/common/tests/common/decomposition/mpi_tests/test_mpi_decomposition.py::test_decomposition_info_matches_gridsize[exclaim_gauss3d-True] PASSED
model/common/tests/common/decomposition/mpi_tests/test_mpi_decomposition.py::test_create_multi_rank_runtime_with_mpi[exclaim_ch_r04b09_dsl-True] PASSED
model/common/tests/common/decomposition/mpi_tests/test_mpi_decomposition.py::test_create_multi_rank_runtime_with_mpi[exclaim_ape_R02B04-True] PASSED
model/common/tests/common/decomposition/mpi_tests/test_mpi_decomposition.py::test_create_multi_rank_runtime_with_mpi[exclaim_gauss3d-True] PASSED
model/common/tests/common/decomposition/mpi_tests/test_mpi_decomposition.py::test_create_single_node_runtime_without_mpi[exclaim_ch_r04b09_dsl-False] SKIPPED
model/common/tests/common/decomposition/mpi_tests/test_mpi_decomposition.py::test_create_single_node_runtime_without_mpi[exclaim_ape_R02B04-False] SKIPPED
model/common/tests/common/decomposition/mpi_tests/test_mpi_decomposition.py::test_create_single_node_runtime_without_mpi[exclaim_gauss3d-False] SKIPPED
model/common/tests/common/decomposition/mpi_tests/test_mpi_decomposition.py::test_exchange_on_dummy_data[exclaim_ch_r04b09_dsl-dimension0-True] PASSED
model/common/tests/common/decomposition/mpi_tests/test_mpi_decomposition.py::test_exchange_on_dummy_data[exclaim_ch_r04b09_dsl-dimension1-True] PASSED
model/common/tests/common/decomposition/mpi_tests/test_mpi_decomposition.py::test_exchange_on_dummy_data[exclaim_ch_r04b09_dsl-dimension2-True] PASSED
model/common/tests/common/decomposition/mpi_tests/test_mpi_decomposition.py::test_exchange_on_dummy_data[exclaim_ape_R02B04-dimension0-True] PASSED
model/common/tests/common/decomposition/mpi_tests/test_mpi_decomposition.py::test_exchange_on_dummy_data[exclaim_ape_R02B04-dimension1-True] PASSED
model/common/tests/common/decomposition/mpi_tests/test_mpi_decomposition.py::test_exchange_on_dummy_data[exclaim_ape_R02B04-dimension2-True] PASSED
model/common/tests/common/decomposition/mpi_tests/test_mpi_decomposition.py::test_exchange_on_dummy_data[exclaim_gauss3d-dimension0-True] PASSED
model/common/tests/common/decomposition/mpi_tests/test_mpi_decomposition.py::test_exchange_on_dummy_data[exclaim_gauss3d-dimension1-True] PASSED
model/common/tests/common/decomposition/mpi_tests/test_mpi_decomposition.py::test_exchange_on_dummy_data[exclaim_gauss3d-dimension2-True] PASSED
model/common/tests/common/decomposition/mpi_tests/test_mpi_decomposition.py::test_halo_exchange_for_sparse_field[exclaim_ch_r04b09_dsl-False] PASSED
model/common/tests/common/decomposition/mpi_tests/test_mpi_decomposition.py::test_halo_exchange_for_sparse_field[exclaim_ape_R02B04-False] PASSED
model/common/tests/common/decomposition/mpi_tests/test_mpi_decomposition.py::test_halo_exchange_for_sparse_field[exclaim_gauss3d-False] PASSED
model/common/tests/common/decomposition/mpi_tests/test_mpi_decomposition.py::test_global_reductions_min[True-global_list0] PASSED
model/common/tests/common/decomposition/mpi_tests/test_mpi_decomposition.py::test_global_reductions_min[True-global_list1] PASSED
model/common/tests/common/decomposition/mpi_tests/test_mpi_decomposition.py::test_global_reductions_min[True-global_list2] PASSED
model/common/tests/common/decomposition/mpi_tests/test_mpi_decomposition.py::test_global_reductions_min[True-global_list3] PASSED
model/common/tests/common/decomposition/mpi_tests/test_mpi_decomposition.py::test_global_reductions_min[True-global_list4] PASSED
model/common/tests/common/decomposition/mpi_tests/test_mpi_decomposition.py::test_global_reductions_max[True-global_list0] PASSED
model/common/tests/common/decomposition/mpi_tests/test_mpi_decomposition.py::test_global_reductions_max[True-global_list1] PASSED
model/common/tests/common/decomposition/mpi_tests/test_mpi_decomposition.py::test_global_reductions_max[True-global_list2] PASSED
model/common/tests/common/decomposition/mpi_tests/test_mpi_decomposition.py::test_global_reductions_max[True-global_list3] PASSED
model/common/tests/common/decomposition/mpi_tests/test_mpi_decomposition.py::test_global_reductions_max[True-global_list4] PASSED
model/common/tests/common/decomposition/mpi_tests/test_mpi_decomposition.py::test_global_reductions_sum[True-global_list0] PASSED
model/common/tests/common/decomposition/mpi_tests/test_mpi_decomposition.py::test_global_reductions_sum[True-global_list1] PASSED
model/common/tests/common/decomposition/mpi_tests/test_mpi_decomposition.py::test_global_reductions_sum[True-global_list2] PASSED
model/common/tests/common/decomposition/mpi_tests/test_mpi_decomposition.py::test_global_reductions_sum[True-global_list3] PASSED
model/common/tests/common/decomposition/mpi_tests/test_mpi_decomposition.py::test_global_reductions_sum[True-global_list4] PASSED
model/common/tests/common/decomposition/mpi_tests/test_mpi_decomposition.py::test_global_reductions_mean[True-global_list0] PASSED
model/common/tests/common/decomposition/mpi_tests/test_mpi_decomposition.py::test_global_reductions_mean[True-global_list1] PASSED
model/common/tests/common/decomposition/mpi_tests/test_mpi_decomposition.py::test_global_reductions_mean[True-global_list2] PASSED
model/common/tests/common/decomposition/mpi_tests/test_mpi_decomposition.py::test_global_reductions_mean[True-global_list3] PASSED
model/common/tests/common/decomposition/mpi_tests/test_mpi_decomposition.py::test_global_reductions_mean[True-global_list4] PASSED
model/common/tests/common/decomposition/mpi_tests/test_parallel_halo.py::test_element_ownership_is_unique[True-dim0] PASSED
model/common/tests/common/decomposition/mpi_tests/test_parallel_halo.py::test_element_ownership_is_unique[True-dim1] PASSED
model/common/tests/common/decomposition/mpi_tests/test_parallel_halo.py::test_element_ownership_is_unique[True-dim2] PASSED
model/common/tests/common/grid/mpi_tests/test_parallel_geometry.py::test_distributed_geometry_attrs[exclaim_ch_r04b09_dsl-edge_area-edge_areas-True] PASSED
model/common/tests/common/grid/mpi_tests/test_parallel_geometry.py::test_distributed_geometry_attrs[exclaim_ch_r04b09_dsl-eastward_component_of_edge_normal-primal_normal_v1-True] PASSED
model/common/tests/common/grid/mpi_tests/test_parallel_geometry.py::test_distributed_geometry_attrs[exclaim_ch_r04b09_dsl-northward_component_of_edge_normal-primal_normal_v2-True] PASSED
model/common/tests/common/grid/mpi_tests/test_parallel_geometry.py::test_distributed_geometry_attrs[exclaim_ch_r04b09_dsl-eastward_component_of_edge_normal_on_vertex-primal_normal_vert_x-True] PASSED
model/common/tests/common/grid/mpi_tests/test_parallel_geometry.py::test_distributed_geometry_attrs[exclaim_ch_r04b09_dsl-northward_component_of_edge_normal_on_vertex-primal_normal_vert_y-True] PASSED
model/common/tests/common/grid/mpi_tests/test_parallel_geometry.py::test_distributed_geometry_attrs[exclaim_ch_r04b09_dsl-eastward_component_of_edge_normal_on_cell-primal_normal_cell_x-True] PASSED
model/common/tests/common/grid/mpi_tests/test_parallel_geometry.py::test_distributed_geometry_attrs[exclaim_ch_r04b09_dsl-northward_component_of_edge_normal_on_cell-primal_normal_cell_y-True] PASSED
model/common/tests/common/grid/mpi_tests/test_parallel_geometry.py::test_distributed_geometry_attrs[exclaim_ch_r04b09_dsl-eastward_component_of_edge_tangent_on_cell-dual_normal_cell_x-True] PASSED
model/common/tests/common/grid/mpi_tests/test_parallel_geometry.py::test_distributed_geometry_attrs[exclaim_ch_r04b09_dsl-eastward_component_of_edge_tangent_on_vertex-dual_normal_vert_x-True] PASSED
model/common/tests/common/grid/mpi_tests/test_parallel_geometry.py::test_distributed_geometry_attrs[exclaim_ch_r04b09_dsl-northward_component_of_edge_tangent_on_vertex-dual_normal_vert_y-True] PASSED
model/common/tests/common/grid/mpi_tests/test_parallel_geometry.py::test_distributed_geometry_attrs[exclaim_ape_R02B04-edge_area-edge_areas-True] PASSED
model/common/tests/common/grid/mpi_tests/test_parallel_geometry.py::test_distributed_geometry_attrs[exclaim_ape_R02B04-eastward_component_of_edge_normal-primal_normal_v1-True] PASSED
model/common/tests/common/grid/mpi_tests/test_parallel_geometry.py::test_distributed_geometry_attrs[exclaim_ape_R02B04-northward_component_of_edge_normal-primal_normal_v2-True] PASSED
model/common/tests/common/grid/mpi_tests/test_parallel_geometry.py::test_distributed_geometry_attrs[exclaim_ape_R02B04-eastward_component_of_edge_normal_on_vertex-primal_normal_vert_x-True] PASSED
model/common/tests/common/grid/mpi_tests/test_parallel_geometry.py::test_distributed_geometry_attrs[exclaim_ape_R02B04-northward_component_of_edge_normal_on_vertex-primal_normal_vert_y-True] PASSED
model/common/tests/common/grid/mpi_tests/test_parallel_geometry.py::test_distributed_geometry_attrs[exclaim_ape_R02B04-eastward_component_of_edge_normal_on_cell-primal_normal_cell_x-True] PASSED
model/common/tests/common/grid/mpi_tests/test_parallel_geometry.py::test_distributed_geometry_attrs[exclaim_ape_R02B04-northward_component_of_edge_normal_on_cell-primal_normal_cell_y-True] PASSED
model/common/tests/common/grid/mpi_tests/test_parallel_geometry.py::test_distributed_geometry_attrs[exclaim_ape_R02B04-eastward_component_of_edge_tangent_on_cell-dual_normal_cell_x-True] PASSED
model/common/tests/common/grid/mpi_tests/test_parallel_geometry.py::test_distributed_geometry_attrs[exclaim_ape_R02B04-eastward_component_of_edge_tangent_on_vertex-dual_normal_vert_x-True] PASSED
model/common/tests/common/grid/mpi_tests/test_parallel_geometry.py::test_distributed_geometry_attrs[exclaim_ape_R02B04-northward_component_of_edge_tangent_on_vertex-dual_normal_vert_y-True] PASSED
model/common/tests/common/grid/mpi_tests/test_parallel_geometry.py::test_distributed_geometry_attrs[exclaim_gauss3d-edge_area-edge_areas-True] PASSED
model/common/tests/common/grid/mpi_tests/test_parallel_geometry.py::test_distributed_geometry_attrs[exclaim_gauss3d-eastward_component_of_edge_normal-primal_normal_v1-True] PASSED
model/common/tests/common/grid/mpi_tests/test_parallel_geometry.py::test_distributed_geometry_attrs[exclaim_gauss3d-northward_component_of_edge_normal-primal_normal_v2-True] PASSED
model/common/tests/common/grid/mpi_tests/test_parallel_geometry.py::test_distributed_geometry_attrs[exclaim_gauss3d-eastward_component_of_edge_normal_on_vertex-primal_normal_vert_x-True] PASSED
model/common/tests/common/grid/mpi_tests/test_parallel_geometry.py::test_distributed_geometry_attrs[exclaim_gauss3d-northward_component_of_edge_normal_on_vertex-primal_normal_vert_y-True] PASSED
model/common/tests/common/grid/mpi_tests/test_parallel_geometry.py::test_distributed_geometry_attrs[exclaim_gauss3d-eastward_component_of_edge_normal_on_cell-primal_normal_cell_x-True] PASSED
model/common/tests/common/grid/mpi_tests/test_parallel_geometry.py::test_distributed_geometry_attrs[exclaim_gauss3d-northward_component_of_edge_normal_on_cell-primal_normal_cell_y-True] PASSED
model/common/tests/common/grid/mpi_tests/test_parallel_geometry.py::test_distributed_geometry_attrs[exclaim_gauss3d-eastward_component_of_edge_tangent_on_cell-dual_normal_cell_x-True] PASSED
model/common/tests/common/grid/mpi_tests/test_parallel_geometry.py::test_distributed_geometry_attrs[exclaim_gauss3d-eastward_component_of_edge_tangent_on_vertex-dual_normal_vert_x-True] PASSED
model/common/tests/common/grid/mpi_tests/test_parallel_geometry.py::test_distributed_geometry_attrs[exclaim_gauss3d-northward_component_of_edge_tangent_on_vertex-dual_normal_vert_y-True] PASSED
model/common/tests/common/grid/mpi_tests/test_parallel_geometry.py::test_distributed_geometry_attrs_for_inverse[exclaim_ch_r04b09_dsl-inverse_of_length_of_dual_edge-inv_dual_edge_length-lb_domain0-True] PASSED
model/common/tests/common/grid/mpi_tests/test_parallel_geometry.py::test_distributed_geometry_attrs_for_inverse[exclaim_ch_r04b09_dsl-inverse_of_vertex_vertex_length-inv_vert_vert_length-lb_domain1-True] PASSED
model/common/tests/common/grid/mpi_tests/test_parallel_geometry.py::test_distributed_geometry_attrs_for_inverse[exclaim_ch_r04b09_dsl-inverse_of_edge_length-inverse_primal_edge_lengths-lb_domain2-True] PASSED
model/common/tests/common/grid/mpi_tests/test_parallel_geometry.py::test_distributed_geometry_attrs_for_inverse[exclaim_ape_R02B04-inverse_of_length_of_dual_edge-inv_dual_edge_length-lb_domain0-True] PASSED
model/common/tests/common/grid/mpi_tests/test_parallel_geometry.py::test_distributed_geometry_attrs_for_inverse[exclaim_ape_R02B04-inverse_of_vertex_vertex_length-inv_vert_vert_length-lb_domain1-True] PASSED
model/common/tests/common/grid/mpi_tests/test_parallel_geometry.py::test_distributed_geometry_attrs_for_inverse[exclaim_ape_R02B04-inverse_of_edge_length-inverse_primal_edge_lengths-lb_domain2-True] PASSED
model/common/tests/common/grid/mpi_tests/test_parallel_geometry.py::test_distributed_geometry_attrs_for_inverse[exclaim_gauss3d-inverse_of_length_of_dual_edge-inv_dual_edge_length-lb_domain0-True] PASSED
model/common/tests/common/grid/mpi_tests/test_parallel_geometry.py::test_distributed_geometry_attrs_for_inverse[exclaim_gauss3d-inverse_of_vertex_vertex_length-inv_vert_vert_length-lb_domain1-True] PASSED
model/common/tests/common/grid/mpi_tests/test_parallel_geometry.py::test_distributed_geometry_attrs_for_inverse[exclaim_gauss3d-inverse_of_edge_length-inverse_primal_edge_lengths-lb_domain2-True] PASSED
model/common/tests/common/grid/mpi_tests/test_parallel_geometry.py::test_geometry_attr_no_halos[exclaim_ch_r04b09_dsl-coriolis_parameter-f_e-True] PASSED
model/common/tests/common/grid/mpi_tests/test_parallel_geometry.py::test_geometry_attr_no_halos[exclaim_ch_r04b09_dsl-x_component_of_edge_tangential_unit_vector-dual_cart_normal_x-True] PASSED
model/common/tests/common/grid/mpi_tests/test_parallel_geometry.py::test_geometry_attr_no_halos[exclaim_ch_r04b09_dsl-y_component_of_edge_tangential_unit_vector-dual_cart_normal_y-True] PASSED
model/common/tests/common/grid/mpi_tests/test_parallel_geometry.py::test_geometry_attr_no_halos[exclaim_ch_r04b09_dsl-z_component_of_edge_tangential_unit_vector-dual_cart_normal_z-True] PASSED
model/common/tests/common/grid/mpi_tests/test_parallel_geometry.py::test_geometry_attr_no_halos[exclaim_ch_r04b09_dsl-x_component_of_edge_normal_unit_vector-primal_cart_normal_x-True] PASSED
model/common/tests/common/grid/mpi_tests/test_parallel_geometry.py::test_geometry_attr_no_halos[exclaim_ch_r04b09_dsl-y_component_of_edge_normal_unit_vector-primal_cart_normal_y-True] PASSED
model/common/tests/common/grid/mpi_tests/test_parallel_geometry.py::test_geometry_attr_no_halos[exclaim_ch_r04b09_dsl-z_component_of_edge_normal_unit_vector-primal_cart_normal_z-True] PASSED
model/common/tests/common/grid/mpi_tests/test_parallel_geometry.py::test_geometry_attr_no_halos[exclaim_ape_R02B04-coriolis_parameter-f_e-True] PASSED
model/common/tests/common/grid/mpi_tests/test_parallel_geometry.py::test_geometry_attr_no_halos[exclaim_ape_R02B04-x_component_of_edge_tangential_unit_vector-dual_cart_normal_x-True] PASSED
model/common/tests/common/grid/mpi_tests/test_parallel_geometry.py::test_geometry_attr_no_halos[exclaim_ape_R02B04-y_component_of_edge_tangential_unit_vector-dual_cart_normal_y-True] PASSED
model/common/tests/common/grid/mpi_tests/test_parallel_geometry.py::test_geometry_attr_no_halos[exclaim_ape_R02B04-z_component_of_edge_tangential_unit_vector-dual_cart_normal_z-True] PASSED
model/common/tests/common/grid/mpi_tests/test_parallel_geometry.py::test_geometry_attr_no_halos[exclaim_ape_R02B04-x_component_of_edge_normal_unit_vector-primal_cart_normal_x-True] PASSED
model/common/tests/common/grid/mpi_tests/test_parallel_geometry.py::test_geometry_attr_no_halos[exclaim_ape_R02B04-y_component_of_edge_normal_unit_vector-primal_cart_normal_y-True] PASSED
model/common/tests/common/grid/mpi_tests/test_parallel_geometry.py::test_geometry_attr_no_halos[exclaim_ape_R02B04-z_component_of_edge_normal_unit_vector-primal_cart_normal_z-True] PASSED
model/common/tests/common/grid/mpi_tests/test_parallel_geometry.py::test_geometry_attr_no_halos[exclaim_gauss3d-coriolis_parameter-f_e-True] PASSED
model/common/tests/common/grid/mpi_tests/test_parallel_geometry.py::test_geometry_attr_no_halos[exclaim_gauss3d-x_component_of_edge_tangential_unit_vector-dual_cart_normal_x-True] PASSED
model/common/tests/common/grid/mpi_tests/test_parallel_geometry.py::test_geometry_attr_no_halos[exclaim_gauss3d-y_component_of_edge_tangential_unit_vector-dual_cart_normal_y-True] PASSED
model/common/tests/common/grid/mpi_tests/test_parallel_geometry.py::test_geometry_attr_no_halos[exclaim_gauss3d-z_component_of_edge_tangential_unit_vector-dual_cart_normal_z-True] PASSED
model/common/tests/common/grid/mpi_tests/test_parallel_geometry.py::test_geometry_attr_no_halos[exclaim_gauss3d-x_component_of_edge_normal_unit_vector-primal_cart_normal_x-True] PASSED
model/common/tests/common/grid/mpi_tests/test_parallel_geometry.py::test_geometry_attr_no_halos[exclaim_gauss3d-y_component_of_edge_normal_unit_vector-primal_cart_normal_y-True] PASSED
model/common/tests/common/grid/mpi_tests/test_parallel_geometry.py::test_geometry_attr_no_halos[exclaim_gauss3d-z_component_of_edge_normal_unit_vector-primal_cart_normal_z-True] PASSED
model/common/tests/common/grid/mpi_tests/test_parallel_geometry.py::test_cartesian_geometry_attr_no_halos[exclaim_ch_r04b09_dsl-x_component_of_cell_center-y_component_of_cell_center-z_component_of_cell_center-dimension0-True] PASSED
model/common/tests/common/grid/mpi_tests/test_parallel_geometry.py::test_cartesian_geometry_attr_no_halos[exclaim_ch_r04b09_dsl-x_coordinate_of_edge_center-y_coordinate_of_edge_center-z_coordinate_of_edge_center-dimension1-True] PASSED
model/common/tests/common/grid/mpi_tests/test_parallel_geometry.py::test_cartesian_geometry_attr_no_halos[exclaim_ch_r04b09_dsl-x_component_of_vertex-y_component_of_vertex-z_component_of_vertex-dimension2-True] PASSED
model/common/tests/common/grid/mpi_tests/test_parallel_geometry.py::test_cartesian_geometry_attr_no_halos[exclaim_ape_R02B04-x_component_of_cell_center-y_component_of_cell_center-z_component_of_cell_center-dimension0-True] PASSED
model/common/tests/common/grid/mpi_tests/test_parallel_geometry.py::test_cartesian_geometry_attr_no_halos[exclaim_ape_R02B04-x_coordinate_of_edge_center-y_coordinate_of_edge_center-z_coordinate_of_edge_center-dimension1-True] PASSED
model/common/tests/common/grid/mpi_tests/test_parallel_geometry.py::test_cartesian_geometry_attr_no_halos[exclaim_ape_R02B04-x_component_of_vertex-y_component_of_vertex-z_component_of_vertex-dimension2-True] PASSED
model/common/tests/common/grid/mpi_tests/test_parallel_geometry.py::test_cartesian_geometry_attr_no_halos[exclaim_gauss3d-x_component_of_cell_center-y_component_of_cell_center-z_component_of_cell_center-dimension0-True] PASSED
model/common/tests/common/grid/mpi_tests/test_parallel_geometry.py::test_cartesian_geometry_attr_no_halos[exclaim_gauss3d-x_coordinate_of_edge_center-y_coordinate_of_edge_center-z_coordinate_of_edge_center-dimension1-True] PASSED
model/common/tests/common/grid/mpi_tests/test_parallel_geometry.py::test_cartesian_geometry_attr_no_halos[exclaim_gauss3d-x_component_of_vertex-y_component_of_vertex-z_component_of_vertex-dimension2-True] PASSED
model/common/tests/common/grid/mpi_tests/test_parallel_geometry.py::test_distributed_geometry_mean_fields[exclaim_ch_r04b09_dsl-mean_edge_length-True] SKIPPED
model/common/tests/common/grid/mpi_tests/test_parallel_geometry.py::test_distributed_geometry_mean_fields[exclaim_ch_r04b09_dsl-mean_dual_edge_length-True] SKIPPED
model/common/tests/common/grid/mpi_tests/test_parallel_geometry.py::test_distributed_geometry_mean_fields[exclaim_ch_r04b09_dsl-mean_cell_area-True] SKIPPED
model/common/tests/common/grid/mpi_tests/test_parallel_geometry.py::test_distributed_geometry_mean_fields[exclaim_ch_r04b09_dsl-mean_dual_area-True] SKIPPED
model/common/tests/common/grid/mpi_tests/test_parallel_geometry.py::test_distributed_geometry_mean_fields[exclaim_ape_R02B04-mean_edge_length-True] SKIPPED
model/common/tests/common/grid/mpi_tests/test_parallel_geometry.py::test_distributed_geometry_mean_fields[exclaim_ape_R02B04-mean_dual_edge_length-True] SKIPPED
model/common/tests/common/grid/mpi_tests/test_parallel_geometry.py::test_distributed_geometry_mean_fields[exclaim_ape_R02B04-mean_cell_area-True] SKIPPED
model/common/tests/common/grid/mpi_tests/test_parallel_geometry.py::test_distributed_geometry_mean_fields[exclaim_ape_R02B04-mean_dual_area-True] SKIPPED
model/common/tests/common/grid/mpi_tests/test_parallel_geometry.py::test_distributed_geometry_mean_fields[exclaim_gauss3d-mean_edge_length-True] SKIPPED
model/common/tests/common/grid/mpi_tests/test_parallel_geometry.py::test_distributed_geometry_mean_fields[exclaim_gauss3d-mean_dual_edge_length-True] SKIPPED
model/common/tests/common/grid/mpi_tests/test_parallel_geometry.py::test_distributed_geometry_mean_fields[exclaim_gauss3d-mean_cell_area-True] SKIPPED
model/common/tests/common/grid/mpi_tests/test_parallel_geometry.py::test_distributed_geometry_mean_fields[exclaim_gauss3d-mean_dual_area-True] SKIPPED
model/common/tests/common/grid/mpi_tests/test_parallel_geometry.py::test_distributed_mean_cell_area[exclaim_ch_r04b09_dsl-True] PASSED
model/common/tests/common/grid/mpi_tests/test_parallel_geometry.py::test_distributed_mean_cell_area[exclaim_ape_R02B04-True] PASSED
model/common/tests/common/grid/mpi_tests/test_parallel_geometry.py::test_distributed_mean_cell_area[exclaim_gauss3d-True] PASSED
model/common/tests/common/grid/mpi_tests/test_parallel_geometry.py::test_distributed_mean_dual_edge_length[exclaim_ch_r04b09_dsl-True] PASSED
model/common/tests/common/grid/mpi_tests/test_parallel_geometry.py::test_distributed_mean_dual_edge_length[exclaim_ape_R02B04-True] PASSED
model/common/tests/common/grid/mpi_tests/test_parallel_geometry.py::test_distributed_mean_dual_edge_length[exclaim_gauss3d-True] PASSED
model/common/tests/common/grid/mpi_tests/test_parallel_grid_manager.py::test_grid_manager_validate_decomposer[exclaim_ch_r04b09_dsl-True] XFAIL
model/common/tests/common/grid/mpi_tests/test_parallel_grid_manager.py::test_grid_manager_validate_decomposer[exclaim_ape_R02B04-True] PASSED
model/common/tests/common/grid/mpi_tests/test_parallel_grid_manager.py::test_grid_manager_validate_decomposer[exclaim_gauss3d-True] PASSED
model/common/tests/common/grid/mpi_tests/test_parallel_grid_manager.py::test_geometry_fields_compare_single_multi_rank_unit[r02b04_global-y_component_of_cell_center-True] PASSED
model/common/tests/common/grid/mpi_tests/test_parallel_grid_manager.py::test_geometry_fields_compare_single_multi_rank_unit[r02b04_global-z_component_of_cell_center-True] PASSED
model/common/tests/common/grid/mpi_tests/test_parallel_grid_manager.py::test_geometry_fields_compare_single_multi_rank_unit[r02b04_global-grid_longitude_of_cell_center-True] PASSED
model/common/tests/common/grid/mpi_tests/test_parallel_grid_manager.py::test_geometry_fields_compare_single_multi_rank_unit[r02b04_global-length_of_dual_edge-True] PASSED
model/common/tests/common/grid/mpi_tests/test_parallel_grid_manager.py::test_geometry_fields_compare_single_multi_rank_unit[r02b04_global-y_coordinate_of_edge_center-True] PASSED
model/common/tests/common/grid/mpi_tests/test_parallel_grid_manager.py::test_geometry_fields_compare_single_multi_rank_unit[r02b04_global-z_coordinate_of_edge_center-True] PASSED
model/common/tests/common/grid/mpi_tests/test_parallel_grid_manager.py::test_geometry_fields_compare_single_multi_rank_unit[r02b04_global-northward_component_of_edge_tangent-True] PASSED
model/common/tests/common/grid/mpi_tests/test_parallel_grid_manager.py::test_geometry_fields_compare_single_multi_rank_unit[r02b04_global-edge_length-True] PASSED
model/common/tests/common/grid/mpi_tests/test_parallel_grid_manager.py::test_geometry_fields_compare_single_multi_rank_unit[r02b04_global-grid_longitude_of_edge_midpoint-True] PASSED
model/common/tests/common/grid/mpi_tests/test_parallel_grid_manager.py::test_geometry_fields_compare_single_multi_rank_unit[r02b04_global-northward_component_of_edge_normal_on_cell-True] PASSED
model/common/tests/common/grid/mpi_tests/test_parallel_grid_manager.py::test_geometry_fields_compare_single_multi_rank_unit[r02b04_global-northward_component_of_edge_normal-True] PASSED
model/common/tests/common/grid/mpi_tests/test_parallel_grid_manager.py::test_geometry_fields_compare_single_multi_rank_unit[r02b04_global-northward_component_of_edge_normal_on_vertex-True] PASSED
model/common/tests/common/grid/mpi_tests/test_parallel_grid_manager.py::test_geometry_fields_compare_single_multi_rank_unit[r02b04_global-y_component_of_edge_normal_unit_vector-True] PASSED
model/common/tests/common/grid/mpi_tests/test_parallel_grid_manager.py::test_geometry_fields_compare_single_multi_rank_unit[r02b04_global-z_component_of_edge_normal_unit_vector-True] PASSED
model/common/tests/common/grid/mpi_tests/test_parallel_grid_manager.py::test_geometry_fields_compare_single_multi_rank_unit[r02b04_global-northward_component_of_edge_tangent_on_cell-True] PASSED
model/common/tests/common/grid/mpi_tests/test_parallel_grid_manager.py::test_geometry_fields_compare_single_multi_rank_unit[r02b04_global-northward_component_of_edge_tangent_on_vertex-True] PASSED
model/common/tests/common/grid/mpi_tests/test_parallel_grid_manager.py::test_geometry_fields_compare_single_multi_rank_unit[r02b04_global-y_component_of_edge_tangential_unit_vector-True] PASSED
model/common/tests/common/grid/mpi_tests/test_parallel_grid_manager.py::test_geometry_fields_compare_single_multi_rank_unit[r02b04_global-z_component_of_edge_tangential_unit_vector-True] PASSED
model/common/tests/common/grid/mpi_tests/test_parallel_grid_manager.py::test_geometry_fields_compare_single_multi_rank_unit[r02b04_global-grid_longitude_of_vertex-True] PASSED
model/common/tests/common/grid/mpi_tests/test_parallel_grid_manager.py::test_geometry_fields_compare_single_multi_rank_unit[r02b04_global-vertex_vertex_length-True] PASSED
model/common/tests/common/grid/mpi_tests/test_parallel_grid_manager.py::test_geometry_fields_compare_single_multi_rank_unit[r02b04_global-y_component_of_vertex-True] PASSED
model/common/tests/common/grid/mpi_tests/test_parallel_grid_manager.py::test_geometry_fields_compare_single_multi_rank_unit[r02b04_global-z_component_of_vertex-True] PASSED
model/common/tests/common/grid/mpi_tests/test_parallel_grid_manager.py::test_geometry_fields_compare_single_multi_rank_unit[mch_ch_r04b09_dsl-y_component_of_cell_center-True] XFAIL
model/common/tests/common/grid/mpi_tests/test_parallel_grid_manager.py::test_geometry_fields_compare_single_multi_rank_unit[mch_ch_r04b09_dsl-z_component_of_cell_center-True] XFAIL
model/common/tests/common/grid/mpi_tests/test_parallel_grid_manager.py::test_geometry_fields_compare_single_multi_rank_unit[mch_ch_r04b09_dsl-grid_longitude_of_cell_center-True] XFAIL
model/common/tests/common/grid/mpi_tests/test_parallel_grid_manager.py::test_geometry_fields_compare_single_multi_rank_unit[mch_ch_r04b09_dsl-length_of_dual_edge-True] XFAIL
model/common/tests/common/grid/mpi_tests/test_parallel_grid_manager.py::test_geometry_fields_compare_single_multi_rank_unit[mch_ch_r04b09_dsl-y_coordinate_of_edge_center-True] XFAIL
model/common/tests/common/grid/mpi_tests/test_parallel_grid_manager.py::test_geometry_fields_compare_single_multi_rank_unit[mch_ch_r04b09_dsl-z_coordinate_of_edge_center-True] XFAIL
model/common/tests/common/grid/mpi_tests/test_parallel_grid_manager.py::test_geometry_fields_compare_single_multi_rank_unit[mch_ch_r04b09_dsl-northward_component_of_edge_tangent-True] XFAIL
model/common/tests/common/grid/mpi_tests/test_parallel_grid_manager.py::test_geometry_fields_compare_single_multi_rank_unit[mch_ch_r04b09_dsl-edge_length-True] XFAIL
model/common/tests/common/grid/mpi_tests/test_parallel_grid_manager.py::test_geometry_fields_compare_single_multi_rank_unit[mch_ch_r04b09_dsl-grid_longitude_of_edge_midpoint-True] XFAIL
model/common/tests/common/grid/mpi_tests/test_parallel_grid_manager.py::test_geometry_fields_compare_single_multi_rank_unit[mch_ch_r04b09_dsl-northward_component_of_edge_normal_on_cell-True] XFAIL
model/common/tests/common/grid/mpi_tests/test_parallel_grid_manager.py::test_geometry_fields_compare_single_multi_rank_unit[mch_ch_r04b09_dsl-northward_component_of_edge_normal-True] XFAIL
model/common/tests/common/grid/mpi_tests/test_parallel_grid_manager.py::test_geometry_fields_compare_single_multi_rank_unit[mch_ch_r04b09_dsl-northward_component_of_edge_normal_on_vertex-True] XFAIL
model/common/tests/common/grid/mpi_tests/test_parallel_grid_manager.py::test_geometry_fields_compare_single_multi_rank_unit[mch_ch_r04b09_dsl-y_component_of_edge_normal_unit_vector-True] XFAIL
model/common/tests/common/grid/mpi_tests/test_parallel_grid_manager.py::test_geometry_fields_compare_single_multi_rank_unit[mch_ch_r04b09_dsl-z_component_of_edge_normal_unit_vector-True] XFAIL
model/common/tests/common/grid/mpi_tests/test_parallel_grid_manager.py::test_geometry_fields_compare_single_multi_rank_unit[mch_ch_r04b09_dsl-northward_component_of_edge_tangent_on_cell-True] XFAIL
model/common/tests/common/grid/mpi_tests/test_parallel_grid_manager.py::test_geometry_fields_compare_single_multi_rank_unit[mch_ch_r04b09_dsl-northward_component_of_edge_tangent_on_vertex-True] XFAIL
model/common/tests/common/grid/mpi_tests/test_parallel_grid_manager.py::test_geometry_fields_compare_single_multi_rank_unit[mch_ch_r04b09_dsl-y_component_of_edge_tangential_unit_vector-True] XFAIL
model/common/tests/common/grid/mpi_tests/test_parallel_grid_manager.py::test_geometry_fields_compare_single_multi_rank_unit[mch_ch_r04b09_dsl-z_component_of_edge_tangential_unit_vector-True] XFAIL
model/common/tests/common/grid/mpi_tests/test_parallel_grid_manager.py::test_geometry_fields_compare_single_multi_rank_unit[mch_ch_r04b09_dsl-grid_longitude_of_vertex-True] XFAIL
model/common/tests/common/grid/mpi_tests/test_parallel_grid_manager.py::test_geometry_fields_compare_single_multi_rank_unit[mch_ch_r04b09_dsl-vertex_vertex_length-True] XFAIL
model/common/tests/common/grid/mpi_tests/test_parallel_grid_manager.py::test_geometry_fields_compare_single_multi_rank_unit[mch_ch_r04b09_dsl-y_component_of_vertex-True] XFAIL
model/common/tests/common/grid/mpi_tests/test_parallel_grid_manager.py::test_geometry_fields_compare_single_multi_rank_unit[mch_ch_r04b09_dsl-z_component_of_vertex-True] XFAIL
model/common/tests/common/grid/mpi_tests/test_parallel_grid_manager.py::test_geometry_fields_compare_single_multi_rank_unit[torus_50000x5000_res500-y_component_of_cell_center-True] PASSED
model/common/tests/common/grid/mpi_tests/test_parallel_grid_manager.py::test_geometry_fields_compare_single_multi_rank_unit[torus_50000x5000_res500-z_component_of_cell_center-True] PASSED
model/common/tests/common/grid/mpi_tests/test_parallel_grid_manager.py::test_geometry_fields_compare_single_multi_rank_unit[torus_50000x5000_res500-grid_longitude_of_cell_center-True] PASSED
model/common/tests/common/grid/mpi_tests/test_parallel_grid_manager.py::test_geometry_fields_compare_single_multi_rank_unit[torus_50000x5000_res500-length_of_dual_edge-True] PASSED
model/common/tests/common/grid/mpi_tests/test_parallel_grid_manager.py::test_geometry_fields_compare_single_multi_rank_unit[torus_50000x5000_res500-y_coordinate_of_edge_center-True] PASSED
model/common/tests/common/grid/mpi_tests/test_parallel_grid_manager.py::test_geometry_fields_compare_single_multi_rank_unit[torus_50000x5000_res500-z_coordinate_of_edge_center-True] PASSED
model/common/tests/common/grid/mpi_tests/test_parallel_grid_manager.py::test_geometry_fields_compare_single_multi_rank_unit[torus_50000x5000_res500-northward_component_of_edge_tangent-True] PASSED
model/common/tests/common/grid/mpi_tests/test_parallel_grid_manager.py::test_geometry_fields_compare_single_multi_rank_unit[torus_50000x5000_res500-edge_length-True] PASSED
model/common/tests/common/grid/mpi_tests/test_parallel_grid_manager.py::test_geometry_fields_compare_single_multi_rank_unit[torus_50000x5000_res500-grid_longitude_of_edge_midpoint-True] PASSED
model/common/tests/common/grid/mpi_tests/test_parallel_grid_manager.py::test_geometry_fields_compare_single_multi_rank_unit[torus_50000x5000_res500-northward_component_of_edge_normal_on_cell-True] PASSED
model/common/tests/common/grid/mpi_tests/test_parallel_grid_manager.py::test_geometry_fields_compare_single_multi_rank_unit[torus_50000x5000_res500-northward_component_of_edge_normal-True] PASSED
model/common/tests/common/grid/mpi_tests/test_parallel_grid_manager.py::test_geometry_fields_compare_single_multi_rank_unit[torus_50000x5000_res500-northward_component_of_edge_normal_on_vertex-True] PASSED
model/common/tests/common/grid/mpi_tests/test_parallel_grid_manager.py::test_geometry_fields_compare_single_multi_rank_unit[torus_50000x5000_res500-y_component_of_edge_normal_unit_vector-True] PASSED
model/common/tests/common/grid/mpi_tests/test_parallel_grid_manager.py::test_geometry_fields_compare_single_multi_rank_unit[torus_50000x5000_res500-z_component_of_edge_normal_unit_vector-True] PASSED
model/common/tests/common/grid/mpi_tests/test_parallel_grid_manager.py::test_geometry_fields_compare_single_multi_rank_unit[torus_50000x5000_res500-northward_component_of_edge_tangent_on_cell-True] PASSED
model/common/tests/common/grid/mpi_tests/test_parallel_grid_manager.py::test_geometry_fields_compare_single_multi_rank_unit[torus_50000x5000_res500-northward_component_of_edge_tangent_on_vertex-True] PASSED
model/common/tests/common/grid/mpi_tests/test_parallel_grid_manager.py::test_geometry_fields_compare_single_multi_rank_unit[torus_50000x5000_res500-y_component_of_edge_tangential_unit_vector-True] PASSED
model/common/tests/common/grid/mpi_tests/test_parallel_grid_manager.py::test_geometry_fields_compare_single_multi_rank_unit[torus_50000x5000_res500-z_component_of_edge_tangential_unit_vector-True] PASSED
model/common/tests/common/grid/mpi_tests/test_parallel_grid_manager.py::test_geometry_fields_compare_single_multi_rank_unit[torus_50000x5000_res500-grid_longitude_of_vertex-True] PASSED
model/common/tests/common/grid/mpi_tests/test_parallel_grid_manager.py::test_geometry_fields_compare_single_multi_rank_unit[torus_50000x5000_res500-vertex_vertex_length-True] PASSED
model/common/tests/common/grid/mpi_tests/test_parallel_grid_manager.py::test_geometry_fields_compare_single_multi_rank_unit[torus_50000x5000_res500-y_component_of_vertex-True] PASSED
model/common/tests/common/grid/mpi_tests/test_parallel_grid_manager.py::test_geometry_fields_compare_single_multi_rank_unit[torus_50000x5000_res500-z_component_of_vertex-True] PASSED
model/common/tests/common/grid/mpi_tests/test_parallel_grid_manager.py::test_geometry_fields_compare_single_multi_rank_integration[r02b04_global-cell_area-True] PASSED
model/common/tests/common/grid/mpi_tests/test_parallel_grid_manager.py::test_geometry_fields_compare_single_multi_rank_integration[r02b04_global-x_component_of_cell_center-True] PASSED
model/common/tests/common/grid/mpi_tests/test_parallel_grid_manager.py::test_geometry_fields_compare_single_multi_rank_integration[r02b04_global-grid_latitude_of_cell_center-True] PASSED
model/common/tests/common/grid/mpi_tests/test_parallel_grid_manager.py::test_geometry_fields_compare_single_multi_rank_integration[r02b04_global-orientation_of_normal_to_cell_edges-True] PASSED
model/common/tests/common/grid/mpi_tests/test_parallel_grid_manager.py::test_geometry_fields_compare_single_multi_rank_integration[r02b04_global-coriolis_parameter-True] PASSED
model/common/tests/common/grid/mpi_tests/test_parallel_grid_manager.py::test_geometry_fields_compare_single_multi_rank_integration[r02b04_global-dual_area-True] PASSED
model/common/tests/common/grid/mpi_tests/test_parallel_grid_manager.py::test_geometry_fields_compare_single_multi_rank_integration[r02b04_global-inverse_of_length_of_dual_edge-True] PASSED
model/common/tests/common/grid/mpi_tests/test_parallel_grid_manager.py::test_geometry_fields_compare_single_multi_rank_integration[r02b04_global-edge_area-True] PASSED
model/common/tests/common/grid/mpi_tests/test_parallel_grid_manager.py::test_geometry_fields_compare_single_multi_rank_integration[r02b04_global-edge_midpoint_to_cell_center_distance-True] PASSED
model/common/tests/common/grid/mpi_tests/test_parallel_grid_manager.py::test_geometry_fields_compare_single_multi_rank_integration[r02b04_global-x_coordinate_of_edge_center-True] PASSED
model/common/tests/common/grid/mpi_tests/test_parallel_grid_manager.py::test_geometry_fields_compare_single_multi_rank_integration[r02b04_global-eastward_component_of_edge_tangent-True] PASSED
model/common/tests/common/grid/mpi_tests/test_parallel_grid_manager.py::test_geometry_fields_compare_single_multi_rank_integration[r02b04_global-grid_latitude_of_edge_midpoint-True] PASSED
model/common/tests/common/grid/mpi_tests/test_parallel_grid_manager.py::test_geometry_fields_compare_single_multi_rank_integration[r02b04_global-inverse_of_edge_length-True] PASSED
model/common/tests/common/grid/mpi_tests/test_parallel_grid_manager.py::test_geometry_fields_compare_single_multi_rank_integration[r02b04_global-eastward_component_of_edge_normal_on_cell-True] PASSED
model/common/tests/common/grid/mpi_tests/test_parallel_grid_manager.py::test_geometry_fields_compare_single_multi_rank_integration[r02b04_global-eastward_component_of_edge_normal-True] PASSED
model/common/tests/common/grid/mpi_tests/test_parallel_grid_manager.py::test_geometry_fields_compare_single_multi_rank_integration[r02b04_global-eastward_component_of_edge_normal_on_vertex-True] PASSED
model/common/tests/common/grid/mpi_tests/test_parallel_grid_manager.py::test_geometry_fields_compare_single_multi_rank_integration[r02b04_global-x_component_of_edge_normal_unit_vector-True] PASSED
model/common/tests/common/grid/mpi_tests/test_parallel_grid_manager.py::test_geometry_fields_compare_single_multi_rank_integration[r02b04_global-eastward_component_of_edge_tangent_on_cell-True] PASSED
model/common/tests/common/grid/mpi_tests/test_parallel_grid_manager.py::test_geometry_fields_compare_single_multi_rank_integration[r02b04_global-eastward_component_of_edge_tangent_on_vertex-True] PASSED
model/common/tests/common/grid/mpi_tests/test_parallel_grid_manager.py::test_geometry_fields_compare_single_multi_rank_integration[r02b04_global-x_component_of_edge_tangential_unit_vector-True] PASSED
model/common/tests/common/grid/mpi_tests/test_parallel_grid_manager.py::test_geometry_fields_compare_single_multi_rank_integration[r02b04_global-edge_midpoint_to_vertex_distance-True] PASSED
model/common/tests/common/grid/mpi_tests/test_parallel_grid_manager.py::test_geometry_fields_compare_single_multi_rank_integration[r02b04_global-edge_orientation-True] PASSED
model/common/tests/common/grid/mpi_tests/test_parallel_grid_manager.py::test_geometry_fields_compare_single_multi_rank_integration[r02b04_global-orientation_of_edges_around_vertex-True] PASSED
model/common/tests/common/grid/mpi_tests/test_parallel_grid_manager.py::test_geometry_fields_compare_single_multi_rank_integration[r02b04_global-grid_latitude_of_vertex-True] PASSED
model/common/tests/common/grid/mpi_tests/test_parallel_grid_manager.py::test_geometry_fields_compare_single_multi_rank_integration[r02b04_global-inverse_of_vertex_vertex_length-True] PASSED
model/common/tests/common/grid/mpi_tests/test_parallel_grid_manager.py::test_geometry_fields_compare_single_multi_rank_integration[r02b04_global-x_component_of_vertex-True] PASSED
model/common/tests/common/grid/mpi_tests/test_parallel_grid_manager.py::test_geometry_fields_compare_single_multi_rank_integration[mch_ch_r04b09_dsl-cell_area-True] XFAIL
model/common/tests/common/grid/mpi_tests/test_parallel_grid_manager.py::test_geometry_fields_compare_single_multi_rank_integration[mch_ch_r04b09_dsl-x_component_of_cell_center-True] XFAIL
model/common/tests/common/grid/mpi_tests/test_parallel_grid_manager.py::test_geometry_fields_compare_single_multi_rank_integration[mch_ch_r04b09_dsl-grid_latitude_of_cell_center-True] XFAIL
model/common/tests/common/grid/mpi_tests/test_parallel_grid_manager.py::test_geometry_fields_compare_single_multi_rank_integration[mch_ch_r04b09_dsl-orientation_of_normal_to_cell_edges-True] XFAIL
model/common/tests/common/grid/mpi_tests/test_parallel_grid_manager.py::test_geometry_fields_compare_single_multi_rank_integration[mch_ch_r04b09_dsl-coriolis_parameter-True] XFAIL
model/common/tests/common/grid/mpi_tests/test_parallel_grid_manager.py::test_geometry_fields_compare_single_multi_rank_integration[mch_ch_r04b09_dsl-dual_area-True] XFAIL
model/common/tests/common/grid/mpi_tests/test_parallel_grid_manager.py::test_geometry_fields_compare_single_multi_rank_integration[mch_ch_r04b09_dsl-inverse_of_length_of_dual_edge-True] XFAIL
model/common/tests/common/grid/mpi_tests/test_parallel_grid_manager.py::test_geometry_fields_compare_single_multi_rank_integration[mch_ch_r04b09_dsl-edge_area-True] XFAIL
model/common/tests/common/grid/mpi_tests/test_parallel_grid_manager.py::test_geometry_fields_compare_single_multi_rank_integration[mch_ch_r04b09_dsl-edge_midpoint_to_cell_center_distance-True] XFAIL
model/common/tests/common/grid/mpi_tests/test_parallel_grid_manager.py::test_geometry_fields_compare_single_multi_rank_integration[mch_ch_r04b09_dsl-x_coordinate_of_edge_center-True] XFAIL
model/common/tests/common/grid/mpi_tests/test_parallel_grid_manager.py::test_geometry_fields_compare_single_multi_rank_integration[mch_ch_r04b09_dsl-eastward_component_of_edge_tangent-True] XFAIL
model/common/tests/common/grid/mpi_tests/test_parallel_grid_manager.py::test_geometry_fields_compare_single_multi_rank_integration[mch_ch_r04b09_dsl-grid_latitude_of_edge_midpoint-True] XFAIL
model/common/tests/common/grid/mpi_tests/test_parallel_grid_manager.py::test_geometry_fields_compare_single_multi_rank_integration[mch_ch_r04b09_dsl-inverse_of_edge_length-True] XFAIL
model/common/tests/common/grid/mpi_tests/test_parallel_grid_manager.py::test_geometry_fields_compare_single_multi_rank_integration[mch_ch_r04b09_dsl-eastward_component_of_edge_normal_on_cell-True] XFAIL
model/common/tests/common/grid/mpi_tests/test_parallel_grid_manager.py::test_geometry_fields_compare_single_multi_rank_integration[mch_ch_r04b09_dsl-eastward_component_of_edge_normal-True] XFAIL
model/common/tests/common/grid/mpi_tests/test_parallel_grid_manager.py::test_geometry_fields_compare_single_multi_rank_integration[mch_ch_r04b09_dsl-eastward_component_of_edge_normal_on_vertex-True] XFAIL
model/common/tests/common/grid/mpi_tests/test_parallel_grid_manager.py::test_geometry_fields_compare_single_multi_rank_integration[mch_ch_r04b09_dsl-x_component_of_edge_normal_unit_vector-True] XFAIL
model/common/tests/common/grid/mpi_tests/test_parallel_grid_manager.py::test_geometry_fields_compare_single_multi_rank_integration[mch_ch_r04b09_dsl-eastward_component_of_edge_tangent_on_cell-True] XFAIL
model/common/tests/common/grid/mpi_tests/test_parallel_grid_manager.py::test_geometry_fields_compare_single_multi_rank_integration[mch_ch_r04b09_dsl-eastward_component_of_edge_tangent_on_vertex-True] XFAIL
model/common/tests/common/grid/mpi_tests/test_parallel_grid_manager.py::test_geometry_fields_compare_single_multi_rank_integration[mch_ch_r04b09_dsl-x_component_of_edge_tangential_unit_vector-True] XFAIL
model/common/tests/common/grid/mpi_tests/test_parallel_grid_manager.py::test_geometry_fields_compare_single_multi_rank_integration[mch_ch_r04b09_dsl-edge_midpoint_to_vertex_distance-True] XFAIL
model/common/tests/common/grid/mpi_tests/test_parallel_grid_manager.py::test_geometry_fields_compare_single_multi_rank_integration[mch_ch_r04b09_dsl-edge_orientation-True] XFAIL
model/common/tests/common/grid/mpi_tests/test_parallel_grid_manager.py::test_geometry_fields_compare_single_multi_rank_integration[mch_ch_r04b09_dsl-orientation_of_edges_around_vertex-True] XFAIL
model/common/tests/common/grid/mpi_tests/test_parallel_grid_manager.py::test_geometry_fields_compare_single_multi_rank_integration[mch_ch_r04b09_dsl-grid_latitude_of_vertex-True] XFAIL
model/common/tests/common/grid/mpi_tests/test_parallel_grid_manager.py::test_geometry_fields_compare_single_multi_rank_integration[mch_ch_r04b09_dsl-inverse_of_vertex_vertex_length-True] XFAIL
model/common/tests/common/grid/mpi_tests/test_parallel_grid_manager.py::test_geometry_fields_compare_single_multi_rank_integration[mch_ch_r04b09_dsl-x_component_of_vertex-True] XFAIL
model/common/tests/common/grid/mpi_tests/test_parallel_grid_manager.py::test_geometry_fields_compare_single_multi_rank_integration[torus_50000x5000_res500-cell_area-True] PASSED
model/common/tests/common/grid/mpi_tests/test_parallel_grid_manager.py::test_geometry_fields_compare_single_multi_rank_integration[torus_50000x5000_res500-x_component_of_cell_center-True] PASSED
model/common/tests/common/grid/mpi_tests/test_parallel_grid_manager.py::test_geometry_fields_compare_single_multi_rank_integration[torus_50000x5000_res500-grid_latitude_of_cell_center-True] PASSED
model/common/tests/common/grid/mpi_tests/test_parallel_grid_manager.py::test_geometry_fields_compare_single_multi_rank_integration[torus_50000x5000_res500-orientation_of_normal_to_cell_edges-True] PASSED
model/common/tests/common/grid/mpi_tests/test_parallel_grid_manager.py::test_geometry_fields_compare_single_multi_rank_integration[torus_50000x5000_res500-coriolis_parameter-True] PASSED
model/common/tests/common/grid/mpi_tests/test_parallel_grid_manager.py::test_geometry_fields_compare_single_multi_rank_integration[torus_50000x5000_res500-dual_area-True] PASSED
model/common/tests/common/grid/mpi_tests/test_parallel_grid_manager.py::test_geometry_fields_compare_single_multi_rank_integration[torus_50000x5000_res500-inverse_of_length_of_dual_edge-True] PASSED
model/common/tests/common/grid/mpi_tests/test_parallel_grid_manager.py::test_geometry_fields_compare_single_multi_rank_integration[torus_50000x5000_res500-edge_area-True] PASSED
model/common/tests/common/grid/mpi_tests/test_parallel_grid_manager.py::test_geometry_fields_compare_single_multi_rank_integration[torus_50000x5000_res500-edge_midpoint_to_cell_center_distance-True] PASSED
model/common/tests/common/grid/mpi_tests/test_parallel_grid_manager.py::test_geometry_fields_compare_single_multi_rank_integration[torus_50000x5000_res500-x_coordinate_of_edge_center-True] PASSED
model/common/tests/common/grid/mpi_tests/test_parallel_grid_manager.py::test_geometry_fields_compare_single_multi_rank_integration[torus_50000x5000_res500-eastward_component_of_edge_tangent-True] PASSED
model/common/tests/common/grid/mpi_tests/test_parallel_grid_manager.py::test_geometry_fields_compare_single_multi_rank_integration[torus_50000x5000_res500-grid_latitude_of_edge_midpoint-True] PASSED
model/common/tests/common/grid/mpi_tests/test_parallel_grid_manager.py::test_geometry_fields_compare_single_multi_rank_integration[torus_50000x5000_res500-inverse_of_edge_length-True] PASSED
model/common/tests/common/grid/mpi_tests/test_parallel_grid_manager.py::test_geometry_fields_compare_single_multi_rank_integration[torus_50000x5000_res500-eastward_component_of_edge_normal_on_cell-True] PASSED
model/common/tests/common/grid/mpi_tests/test_parallel_grid_manager.py::test_geometry_fields_compare_single_multi_rank_integration[torus_50000x5000_res500-eastward_component_of_edge_normal-True] PASSED
model/common/tests/common/grid/mpi_tests/test_parallel_grid_manager.py::test_geometry_fields_compare_single_multi_rank_integration[torus_50000x5000_res500-eastward_component_of_edge_normal_on_vertex-True] PASSED
model/common/tests/common/grid/mpi_tests/test_parallel_grid_manager.py::test_geometry_fields_compare_single_multi_rank_integration[torus_50000x5000_res500-x_component_of_edge_normal_unit_vector-True] PASSED
model/common/tests/common/grid/mpi_tests/test_parallel_grid_manager.py::test_geometry_fields_compare_single_multi_rank_integration[torus_50000x5000_res500-eastward_component_of_edge_tangent_on_cell-True] PASSED
model/common/tests/common/grid/mpi_tests/test_parallel_grid_manager.py::test_geometry_fields_compare_single_multi_rank_integration[torus_50000x5000_res500-eastward_component_of_edge_tangent_on_vertex-True] PASSED
model/common/tests/common/grid/mpi_tests/test_parallel_grid_manager.py::test_geometry_fields_compare_single_multi_rank_integration[torus_50000x5000_res500-x_component_of_edge_tangential_unit_vector-True] PASSED
model/common/tests/common/grid/mpi_tests/test_parallel_grid_manager.py::test_geometry_fields_compare_single_multi_rank_integration[torus_50000x5000_res500-edge_midpoint_to_vertex_distance-True] PASSED
model/common/tests/common/grid/mpi_tests/test_parallel_grid_manager.py::test_geometry_fields_compare_single_multi_rank_integration[torus_50000x5000_res500-edge_orientation-True] PASSED
model/common/tests/common/grid/mpi_tests/test_parallel_grid_manager.py::test_geometry_fields_compare_single_multi_rank_integration[torus_50000x5000_res500-orientation_of_edges_around_vertex-True] PASSED
model/common/tests/common/grid/mpi_tests/test_parallel_grid_manager.py::test_geometry_fields_compare_single_multi_rank_integration[torus_50000x5000_res500-grid_latitude_of_vertex-True] PASSED
model/common/tests/common/grid/mpi_tests/test_parallel_grid_manager.py::test_geometry_fields_compare_single_multi_rank_integration[torus_50000x5000_res500-inverse_of_vertex_vertex_length-True] PASSED
model/common/tests/common/grid/mpi_tests/test_parallel_grid_manager.py::test_geometry_fields_compare_single_multi_rank_integration[torus_50000x5000_res500-x_component_of_vertex-True] PASSED
model/common/tests/common/grid/mpi_tests/test_parallel_grid_manager.py::test_interpolation_fields_compare_single_multi_rank_unit[exclaim_ch_r04b09_dsl-cell_to_vertex_interpolation_factor_by_area_weighting-True] XFAIL
model/common/tests/common/grid/mpi_tests/test_parallel_grid_manager.py::test_interpolation_fields_compare_single_multi_rank_unit[exclaim_ch_r04b09_dsl-bilinear_cell_average_weight-True] XFAIL
model/common/tests/common/grid/mpi_tests/test_parallel_grid_manager.py::test_interpolation_fields_compare_single_multi_rank_unit[exclaim_ch_r04b09_dsl-interpolation_coefficient_from_cell_to_edge-True] XFAIL
model/common/tests/common/grid/mpi_tests/test_parallel_grid_manager.py::test_interpolation_fields_compare_single_multi_rank_unit[exclaim_ch_r04b09_dsl-bilinear_edge_cell_weight-True] XFAIL
model/common/tests/common/grid/mpi_tests/test_parallel_grid_manager.py::test_interpolation_fields_compare_single_multi_rank_unit[exclaim_ch_r04b09_dsl-geometrical_factor_for_divergence-True] XFAIL
model/common/tests/common/grid/mpi_tests/test_parallel_grid_manager.py::test_interpolation_fields_compare_single_multi_rank_unit[exclaim_ch_r04b09_dsl-geometrical_factor_for_green_gauss_gradient_y-True] XFAIL
model/common/tests/common/grid/mpi_tests/test_parallel_grid_manager.py::test_interpolation_fields_compare_single_multi_rank_unit[exclaim_ch_r04b09_dsl-geometrical_factor_for_curl-True] XFAIL
model/common/tests/common/grid/mpi_tests/test_parallel_grid_manager.py::test_interpolation_fields_compare_single_multi_rank_unit[exclaim_ch_r04b09_dsl-lsq_interpolation_coefficient-True] XFAIL
model/common/tests/common/grid/mpi_tests/test_parallel_grid_manager.py::test_interpolation_fields_compare_single_multi_rank_unit[exclaim_ch_r04b09_dsl-nudging_coefficients_for_edges-True] XFAIL
model/common/tests/common/grid/mpi_tests/test_parallel_grid_manager.py::test_interpolation_fields_compare_single_multi_rank_unit[exclaim_ch_r04b09_dsl-pos_on_tplane_e_x-True] XFAIL
model/common/tests/common/grid/mpi_tests/test_parallel_grid_manager.py::test_interpolation_fields_compare_single_multi_rank_unit[exclaim_ch_r04b09_dsl-pos_on_tplane_e_y-True] XFAIL
model/common/tests/common/grid/mpi_tests/test_parallel_grid_manager.py::test_interpolation_fields_compare_single_multi_rank_unit[exclaim_ch_r04b09_dsl-rbf_interpolation_coefficient_cell_2-True] XFAIL
model/common/tests/common/grid/mpi_tests/test_parallel_grid_manager.py::test_interpolation_fields_compare_single_multi_rank_unit[exclaim_ch_r04b09_dsl-rbf_interpolation_coefficient_vertex_2-True] XFAIL
model/common/tests/common/grid/mpi_tests/test_parallel_grid_manager.py::test_interpolation_fields_compare_single_multi_rank_unit[exclaim_ape_R02B04-cell_to_vertex_interpolation_factor_by_area_weighting-True] PASSED
model/common/tests/common/grid/mpi_tests/test_parallel_grid_manager.py::test_interpolation_fields_compare_single_multi_rank_unit[exclaim_ape_R02B04-bilinear_cell_average_weight-True] PASSED
model/common/tests/common/grid/mpi_tests/test_parallel_grid_manager.py::test_interpolation_fields_compare_single_multi_rank_unit[exclaim_ape_R02B04-interpolation_coefficient_from_cell_to_edge-True] PASSED
model/common/tests/common/grid/mpi_tests/test_parallel_grid_manager.py::test_interpolation_fields_compare_single_multi_rank_unit[exclaim_ape_R02B04-bilinear_edge_cell_weight-True] PASSED
model/common/tests/common/grid/mpi_tests/test_parallel_grid_manager.py::test_interpolation_fields_compare_single_multi_rank_unit[exclaim_ape_R02B04-geometrical_factor_for_divergence-True] PASSED
model/common/tests/common/grid/mpi_tests/test_parallel_grid_manager.py::test_interpolation_fields_compare_single_multi_rank_unit[exclaim_ape_R02B04-geometrical_factor_for_green_gauss_gradient_y-True] PASSED
model/common/tests/common/grid/mpi_tests/test_parallel_grid_manager.py::test_interpolation_fields_compare_single_multi_rank_unit[exclaim_ape_R02B04-geometrical_factor_for_curl-True] PASSED
model/common/tests/common/grid/mpi_tests/test_parallel_grid_manager.py::test_interpolation_fields_compare_single_multi_rank_unit[exclaim_ape_R02B04-lsq_interpolation_coefficient-True] PASSED
model/common/tests/common/grid/mpi_tests/test_parallel_grid_manager.py::test_interpolation_fields_compare_single_multi_rank_unit[exclaim_ape_R02B04-nudging_coefficients_for_edges-True] PASSED
model/common/tests/common/grid/mpi_tests/test_parallel_grid_manager.py::test_interpolation_fields_compare_single_multi_rank_unit[exclaim_ape_R02B04-pos_on_tplane_e_x-True] PASSED
model/common/tests/common/grid/mpi_tests/test_parallel_grid_manager.py::test_interpolation_fields_compare_single_multi_rank_unit[exclaim_ape_R02B04-pos_on_tplane_e_y-True] PASSED
model/common/tests/common/grid/mpi_tests/test_parallel_grid_manager.py::test_interpolation_fields_compare_single_multi_rank_unit[exclaim_ape_R02B04-rbf_interpolation_coefficient_cell_2-True] PASSED
model/common/tests/common/grid/mpi_tests/test_parallel_grid_manager.py::test_interpolation_fields_compare_single_multi_rank_unit[exclaim_ape_R02B04-rbf_interpolation_coefficient_vertex_2-True] PASSED
model/common/tests/common/grid/mpi_tests/test_parallel_grid_manager.py::test_interpolation_fields_compare_single_multi_rank_unit[exclaim_gauss3d-cell_to_vertex_interpolation_factor_by_area_weighting-True] PASSED
model/common/tests/common/grid/mpi_tests/test_parallel_grid_manager.py::test_interpolation_fields_compare_single_multi_rank_unit[exclaim_gauss3d-bilinear_cell_average_weight-True] PASSED
model/common/tests/common/grid/mpi_tests/test_parallel_grid_manager.py::test_interpolation_fields_compare_single_multi_rank_unit[exclaim_gauss3d-interpolation_coefficient_from_cell_to_edge-True] PASSED
model/common/tests/common/grid/mpi_tests/test_parallel_grid_manager.py::test_interpolation_fields_compare_single_multi_rank_unit[exclaim_gauss3d-bilinear_edge_cell_weight-True] PASSED
model/common/tests/common/grid/mpi_tests/test_parallel_grid_manager.py::test_interpolation_fields_compare_single_multi_rank_unit[exclaim_gauss3d-geometrical_factor_for_divergence-True] PASSED
model/common/tests/common/grid/mpi_tests/test_parallel_grid_manager.py::test_interpolation_fields_compare_single_multi_rank_unit[exclaim_gauss3d-geometrical_factor_for_green_gauss_gradient_y-True] PASSED
model/common/tests/common/grid/mpi_tests/test_parallel_grid_manager.py::test_interpolation_fields_compare_single_multi_rank_unit[exclaim_gauss3d-geometrical_factor_for_curl-True] PASSED
model/common/tests/common/grid/mpi_tests/test_parallel_grid_manager.py::test_interpolation_fields_compare_single_multi_rank_unit[exclaim_gauss3d-lsq_interpolation_coefficient-True] PASSED
model/common/tests/common/grid/mpi_tests/test_parallel_grid_manager.py::test_interpolation_fields_compare_single_multi_rank_unit[exclaim_gauss3d-nudging_coefficients_for_edges-True] PASSED
model/common/tests/common/grid/mpi_tests/test_parallel_grid_manager.py::test_interpolation_fields_compare_single_multi_rank_unit[exclaim_gauss3d-pos_on_tplane_e_x-True] PASSED
model/common/tests/common/grid/mpi_tests/test_parallel_grid_manager.py::test_interpolation_fields_compare_single_multi_rank_unit[exclaim_gauss3d-pos_on_tplane_e_y-True] PASSED
model/common/tests/common/grid/mpi_tests/test_parallel_grid_manager.py::test_interpolation_fields_compare_single_multi_rank_unit[exclaim_gauss3d-rbf_interpolation_coefficient_cell_2-True] PASSED
model/common/tests/common/grid/mpi_tests/test_parallel_grid_manager.py::test_interpolation_fields_compare_single_multi_rank_unit[exclaim_gauss3d-rbf_interpolation_coefficient_vertex_2-True] PASSED
model/common/tests/common/grid/mpi_tests/test_parallel_grid_manager.py::test_interpolation_fields_compare_single_multi_rank_integration[exclaim_ch_r04b09_dsl-e_flux_average-True] XFAIL
model/common/tests/common/grid/mpi_tests/test_parallel_grid_manager.py::test_interpolation_fields_compare_single_multi_rank_integration[exclaim_ch_r04b09_dsl-geometrical_factor_for_gradient_of_divergence-True] XFAIL
model/common/tests/common/grid/mpi_tests/test_parallel_grid_manager.py::test_interpolation_fields_compare_single_multi_rank_integration[exclaim_ch_r04b09_dsl-geometrical_factor_for_green_gauss_gradient_x-True] XFAIL
model/common/tests/common/grid/mpi_tests/test_parallel_grid_manager.py::test_interpolation_fields_compare_single_multi_rank_integration[exclaim_ch_r04b09_dsl-geometrical_factor_for_nabla_2_scalar-True] XFAIL
model/common/tests/common/grid/mpi_tests/test_parallel_grid_manager.py::test_interpolation_fields_compare_single_multi_rank_integration[exclaim_ch_r04b09_dsl-rbf_interpolation_coefficient_cell_1-True] XFAIL
model/common/tests/common/grid/mpi_tests/test_parallel_grid_manager.py::test_interpolation_fields_compare_single_multi_rank_integration[exclaim_ch_r04b09_dsl-rbf_interpolation_coefficient_edge-True] XFAIL
model/common/tests/common/grid/mpi_tests/test_parallel_grid_manager.py::test_interpolation_fields_compare_single_multi_rank_integration[exclaim_ch_r04b09_dsl-rbf_interpolation_coefficient_vertex_1-True] XFAIL
model/common/tests/common/grid/mpi_tests/test_parallel_grid_manager.py::test_interpolation_fields_compare_single_multi_rank_integration[exclaim_ape_R02B04-e_flux_average-True] PASSED
model/common/tests/common/grid/mpi_tests/test_parallel_grid_manager.py::test_interpolation_fields_compare_single_multi_rank_integration[exclaim_ape_R02B04-geometrical_factor_for_gradient_of_divergence-True] PASSED
model/common/tests/common/grid/mpi_tests/test_parallel_grid_manager.py::test_interpolation_fields_compare_single_multi_rank_integration[exclaim_ape_R02B04-geometrical_factor_for_green_gauss_gradient_x-True] PASSED
model/common/tests/common/grid/mpi_tests/test_parallel_grid_manager.py::test_interpolation_fields_compare_single_multi_rank_integration[exclaim_ape_R02B04-geometrical_factor_for_nabla_2_scalar-True] PASSED
model/common/tests/common/grid/mpi_tests/test_parallel_grid_manager.py::test_interpolation_fields_compare_single_multi_rank_integration[exclaim_ape_R02B04-rbf_interpolation_coefficient_cell_1-True] PASSED
model/common/tests/common/grid/mpi_tests/test_parallel_grid_manager.py::test_interpolation_fields_compare_single_multi_rank_integration[exclaim_ape_R02B04-rbf_interpolation_coefficient_edge-True] PASSED
model/common/tests/common/grid/mpi_tests/test_parallel_grid_manager.py::test_interpolation_fields_compare_single_multi_rank_integration[exclaim_ape_R02B04-rbf_interpolation_coefficient_vertex_1-True] PASSED
model/common/tests/common/grid/mpi_tests/test_parallel_grid_manager.py::test_interpolation_fields_compare_single_multi_rank_integration[exclaim_gauss3d-e_flux_average-True] PASSED
model/common/tests/common/grid/mpi_tests/test_parallel_grid_manager.py::test_interpolation_fields_compare_single_multi_rank_integration[exclaim_gauss3d-geometrical_factor_for_gradient_of_divergence-True] PASSED
model/common/tests/common/grid/mpi_tests/test_parallel_grid_manager.py::test_interpolation_fields_compare_single_multi_rank_integration[exclaim_gauss3d-geometrical_factor_for_green_gauss_gradient_x-True] PASSED
model/common/tests/common/grid/mpi_tests/test_parallel_grid_manager.py::test_interpolation_fields_compare_single_multi_rank_integration[exclaim_gauss3d-geometrical_factor_for_nabla_2_scalar-True] PASSED
model/common/tests/common/grid/mpi_tests/test_parallel_grid_manager.py::test_interpolation_fields_compare_single_multi_rank_integration[exclaim_gauss3d-rbf_interpolation_coefficient_cell_1-True] PASSED
model/common/tests/common/grid/mpi_tests/test_parallel_grid_manager.py::test_interpolation_fields_compare_single_multi_rank_integration[exclaim_gauss3d-rbf_interpolation_coefficient_edge-True] PASSED
model/common/tests/common/grid/mpi_tests/test_parallel_grid_manager.py::test_interpolation_fields_compare_single_multi_rank_integration[exclaim_gauss3d-rbf_interpolation_coefficient_vertex_1-True] PASSED
model/common/tests/common/grid/mpi_tests/test_parallel_grid_manager.py::test_metrics_fields_compare_single_multi_rank_unit[exclaim_ch_r04b09_dsl-vertical_coordinates_on_half_levels-True] XFAIL
model/common/tests/common/grid/mpi_tests/test_parallel_grid_manager.py::test_metrics_fields_compare_single_multi_rank_unit[exclaim_ch_r04b09_dsl-coeff2_dwdz-True] XFAIL
model/common/tests/common/grid/mpi_tests/test_parallel_grid_manager.py::test_metrics_fields_compare_single_multi_rank_unit[exclaim_ch_r04b09_dsl-coeff_gradekin-True] XFAIL
model/common/tests/common/grid/mpi_tests/test_parallel_grid_manager.py::test_metrics_fields_compare_single_multi_rank_unit[exclaim_ch_r04b09_dsl-d2dexdz2_fac2_mc-True] XFAIL
model/common/tests/common/grid/mpi_tests/test_parallel_grid_manager.py::test_metrics_fields_compare_single_multi_rank_unit[exclaim_ch_r04b09_dsl-functional_determinant_of_metrics_on_full_levels-True] XFAIL
model/common/tests/common/grid/mpi_tests/test_parallel_grid_manager.py::test_metrics_fields_compare_single_multi_rank_unit[exclaim_ch_r04b09_dsl-ddxn_z_half_e-True] XFAIL
model/common/tests/common/grid/mpi_tests/test_parallel_grid_manager.py::test_metrics_fields_compare_single_multi_rank_unit[exclaim_ch_r04b09_dsl-ddxt_z_full-True] XFAIL
model/common/tests/common/grid/mpi_tests/test_parallel_grid_manager.py::test_metrics_fields_compare_single_multi_rank_unit[exclaim_ch_r04b09_dsl-ddxt_z_half_e-True] XFAIL
model/common/tests/common/grid/mpi_tests/test_parallel_grid_manager.py::test_metrics_fields_compare_single_multi_rank_unit[exclaim_ch_r04b09_dsl-deepatmo_divh-True] XFAIL
model/common/tests/common/grid/mpi_tests/test_parallel_grid_manager.py::test_metrics_fields_compare_single_multi_rank_unit[exclaim_ch_r04b09_dsl-deepatmo_divzL-True] XFAIL
model/common/tests/common/grid/mpi_tests/test_parallel_grid_manager.py::test_metrics_fields_compare_single_multi_rank_unit[exclaim_ch_r04b09_dsl-deepatmo_divzU-True] XFAIL
model/common/tests/common/grid/mpi_tests/test_parallel_grid_manager.py::test_metrics_fields_compare_single_multi_rank_unit[exclaim_ch_r04b09_dsl-d_exner_dz_ref_ic-True] XFAIL
model/common/tests/common/grid/mpi_tests/test_parallel_grid_manager.py::test_metrics_fields_compare_single_multi_rank_unit[exclaim_ch_r04b09_dsl-exner_ref_mc-True] XFAIL
model/common/tests/common/grid/mpi_tests/test_parallel_grid_manager.py::test_metrics_fields_compare_single_multi_rank_unit[exclaim_ch_r04b09_dsl-implicitness_weight_for_exner_and_w_in_vertical_dycore_solver-True] XFAIL
model/common/tests/common/grid/mpi_tests/test_parallel_grid_manager.py::test_metrics_fields_compare_single_multi_rank_unit[exclaim_ch_r04b09_dsl-flat_idx_max-True] XFAIL
model/common/tests/common/grid/mpi_tests/test_parallel_grid_manager.py::test_metrics_fields_compare_single_multi_rank_unit[exclaim_ch_r04b09_dsl-horizontal_mask_for_3d_divdamp-True] XFAIL
model/common/tests/common/grid/mpi_tests/test_parallel_grid_manager.py::test_metrics_fields_compare_single_multi_rank_unit[exclaim_ch_r04b09_dsl-inverse_of_functional_determinant_of_metrics_on_full_levels-True] XFAIL
model/common/tests/common/grid/mpi_tests/test_parallel_grid_manager.py::test_metrics_fields_compare_single_multi_rank_unit[exclaim_ch_r04b09_dsl-maxhgtd-True] XFAIL
model/common/tests/common/grid/mpi_tests/test_parallel_grid_manager.py::test_metrics_fields_compare_single_multi_rank_unit[exclaim_ch_r04b09_dsl-maxslp-True] XFAIL
model/common/tests/common/grid/mpi_tests/test_parallel_grid_manager.py::test_metrics_fields_compare_single_multi_rank_unit[exclaim_ch_r04b09_dsl-maxslp_avg-True] XFAIL
model/common/tests/common/grid/mpi_tests/test_parallel_grid_manager.py::test_metrics_fields_compare_single_multi_rank_unit[exclaim_ch_r04b09_dsl-max_nbhgt-True] XFAIL
model/common/tests/common/grid/mpi_tests/test_parallel_grid_manager.py::test_metrics_fields_compare_single_multi_rank_unit[exclaim_ch_r04b09_dsl-distance_for_pressure_gradient_extrapolation-True] XFAIL
model/common/tests/common/grid/mpi_tests/test_parallel_grid_manager.py::test_metrics_fields_compare_single_multi_rank_unit[exclaim_ch_r04b09_dsl-rayleigh_w-True] XFAIL
model/common/tests/common/grid/mpi_tests/test_parallel_grid_manager.py::test_metrics_fields_compare_single_multi_rank_unit[exclaim_ch_r04b09_dsl-rho_ref_mc-True] XFAIL
model/common/tests/common/grid/mpi_tests/test_parallel_grid_manager.py::test_metrics_fields_compare_single_multi_rank_unit[exclaim_ch_r04b09_dsl-rho_ref_me-True] XFAIL
model/common/tests/common/grid/mpi_tests/test_parallel_grid_manager.py::test_metrics_fields_compare_single_multi_rank_unit[exclaim_ch_r04b09_dsl-scaling_factor_for_3d_divergence_damping-True] XFAIL
model/common/tests/common/grid/mpi_tests/test_parallel_grid_manager.py::test_metrics_fields_compare_single_multi_rank_unit[exclaim_ch_r04b09_dsl-theta_ref_ic-True] XFAIL
model/common/tests/common/grid/mpi_tests/test_parallel_grid_manager.py::test_metrics_fields_compare_single_multi_rank_unit[exclaim_ch_r04b09_dsl-theta_ref_mc-True] XFAIL
model/common/tests/common/grid/mpi_tests/test_parallel_grid_manager.py::test_metrics_fields_compare_single_multi_rank_unit[exclaim_ch_r04b09_dsl-theta_ref_me-True] XFAIL
model/common/tests/common/grid/mpi_tests/test_parallel_grid_manager.py::test_metrics_fields_compare_single_multi_rank_unit[exclaim_ch_r04b09_dsl-vertoffset_gradp-True] XFAIL
model/common/tests/common/grid/mpi_tests/test_parallel_grid_manager.py::test_metrics_fields_compare_single_multi_rank_unit[exclaim_ch_r04b09_dsl-weighting_factor_for_quadratic_interpolation_to_cell_surface-True] XFAIL
model/common/tests/common/grid/mpi_tests/test_parallel_grid_manager.py::test_metrics_fields_compare_single_multi_rank_unit[exclaim_ch_r04b09_dsl-wgtfac_c-True] XFAIL
model/common/tests/common/grid/mpi_tests/test_parallel_grid_manager.py::test_metrics_fields_compare_single_multi_rank_unit[exclaim_ch_r04b09_dsl-zdiff_gradp-True] XFAIL
model/common/tests/common/grid/mpi_tests/test_parallel_grid_manager.py::test_metrics_fields_compare_single_multi_rank_unit[exclaim_ch_r04b09_dsl-zd_diffcoef-True] XFAIL
model/common/tests/common/grid/mpi_tests/test_parallel_grid_manager.py::test_metrics_fields_compare_single_multi_rank_unit[exclaim_ch_r04b09_dsl-zd_vertoffset-True] XFAIL
model/common/tests/common/grid/mpi_tests/test_parallel_grid_manager.py::test_metrics_fields_compare_single_multi_rank_unit[exclaim_ch_r04b09_dsl-height-True] XFAIL
model/common/tests/common/grid/mpi_tests/test_parallel_grid_manager.py::test_metrics_fields_compare_single_multi_rank_unit[exclaim_ape_R02B04-vertical_coordinates_on_half_levels-True] PASSED
model/common/tests/common/grid/mpi_tests/test_parallel_grid_manager.py::test_metrics_fields_compare_single_multi_rank_unit[exclaim_ape_R02B04-coeff2_dwdz-True] PASSED
model/common/tests/common/grid/mpi_tests/test_parallel_grid_manager.py::test_metrics_fields_compare_single_multi_rank_unit[exclaim_ape_R02B04-coeff_gradekin-True] PASSED
model/common/tests/common/grid/mpi_tests/test_parallel_grid_manager.py::test_metrics_fields_compare_single_multi_rank_unit[exclaim_ape_R02B04-d2dexdz2_fac2_mc-True] PASSED
model/common/tests/common/grid/mpi_tests/test_parallel_grid_manager.py::test_metrics_fields_compare_single_multi_rank_unit[exclaim_ape_R02B04-functional_determinant_of_metrics_on_full_levels-True] PASSED
model/common/tests/common/grid/mpi_tests/test_parallel_grid_manager.py::test_metrics_fields_compare_single_multi_rank_unit[exclaim_ape_R02B04-ddxn_z_half_e-True] PASSED
model/common/tests/common/grid/mpi_tests/test_parallel_grid_manager.py::test_metrics_fields_compare_single_multi_rank_unit[exclaim_ape_R02B04-ddxt_z_full-True] PASSED
model/common/tests/common/grid/mpi_tests/test_parallel_grid_manager.py::test_metrics_fields_compare_single_multi_rank_unit[exclaim_ape_R02B04-ddxt_z_half_e-True] PASSED
model/common/tests/common/grid/mpi_tests/test_parallel_grid_manager.py::test_metrics_fields_compare_single_multi_rank_unit[exclaim_ape_R02B04-deepatmo_divh-True] XFAIL
model/common/tests/common/grid/mpi_tests/test_parallel_grid_manager.py::test_metrics_fields_compare_single_multi_rank_unit[exclaim_ape_R02B04-deepatmo_divzL-True] XFAIL
model/common/tests/common/grid/mpi_tests/test_parallel_grid_manager.py::test_metrics_fields_compare_single_multi_rank_unit[exclaim_ape_R02B04-deepatmo_divzU-True] XFAIL
model/common/tests/common/grid/mpi_tests/test_parallel_grid_manager.py::test_metrics_fields_compare_single_multi_rank_unit[exclaim_ape_R02B04-d_exner_dz_ref_ic-True] PASSED
model/common/tests/common/grid/mpi_tests/test_parallel_grid_manager.py::test_metrics_fields_compare_single_multi_rank_unit[exclaim_ape_R02B04-exner_ref_mc-True] PASSED
model/common/tests/common/grid/mpi_tests/test_parallel_grid_manager.py::test_metrics_fields_compare_single_multi_rank_unit[exclaim_ape_R02B04-implicitness_weight_for_exner_and_w_in_vertical_dycore_solver-True] PASSED
model/common/tests/common/grid/mpi_tests/test_parallel_grid_manager.py::test_metrics_fields_compare_single_multi_rank_unit[exclaim_ape_R02B04-flat_idx_max-True] PASSED
model/common/tests/common/grid/mpi_tests/test_parallel_grid_manager.py::test_metrics_fields_compare_single_multi_rank_unit[exclaim_ape_R02B04-horizontal_mask_for_3d_divdamp-True] PASSED
model/common/tests/common/grid/mpi_tests/test_parallel_grid_manager.py::test_metrics_fields_compare_single_multi_rank_unit[exclaim_ape_R02B04-inverse_of_functional_determinant_of_metrics_on_full_levels-True] PASSED
model/common/tests/common/grid/mpi_tests/test_parallel_grid_manager.py::test_metrics_fields_compare_single_multi_rank_unit[exclaim_ape_R02B04-maxhgtd-True] PASSED
model/common/tests/common/grid/mpi_tests/test_parallel_grid_manager.py::test_metrics_fields_compare_single_multi_rank_unit[exclaim_ape_R02B04-maxslp-True] PASSED
model/common/tests/common/grid/mpi_tests/test_parallel_grid_manager.py::test_metrics_fields_compare_single_multi_rank_unit[exclaim_ape_R02B04-maxslp_avg-True] XFAIL
model/common/tests/common/grid/mpi_tests/test_parallel_grid_manager.py::test_metrics_fields_compare_single_multi_rank_unit[exclaim_ape_R02B04-max_nbhgt-True] PASSED
model/common/tests/common/grid/mpi_tests/test_parallel_grid_manager.py::test_metrics_fields_compare_single_multi_rank_unit[exclaim_ape_R02B04-distance_for_pressure_gradient_extrapolation-True] XFAIL
model/common/tests/common/grid/mpi_tests/test_parallel_grid_manager.py::test_metrics_fields_compare_single_multi_rank_unit[exclaim_ape_R02B04-rayleigh_w-True] PASSED
model/common/tests/common/grid/mpi_tests/test_parallel_grid_manager.py::test_metrics_fields_compare_single_multi_rank_unit[exclaim_ape_R02B04-rho_ref_mc-True] PASSED
model/common/tests/common/grid/mpi_tests/test_parallel_grid_manager.py::test_metrics_fields_compare_single_multi_rank_unit[exclaim_ape_R02B04-rho_ref_me-True] PASSED
model/common/tests/common/grid/mpi_tests/test_parallel_grid_manager.py::test_metrics_fields_compare_single_multi_rank_unit[exclaim_ape_R02B04-scaling_factor_for_3d_divergence_damping-True] PASSED
model/common/tests/common/grid/mpi_tests/test_parallel_grid_manager.py::test_metrics_fields_compare_single_multi_rank_unit[exclaim_ape_R02B04-theta_ref_ic-True] PASSED
model/common/tests/common/grid/mpi_tests/test_parallel_grid_manager.py::test_metrics_fields_compare_single_multi_rank_unit[exclaim_ape_R02B04-theta_ref_mc-True] PASSED
model/common/tests/common/grid/mpi_tests/test_parallel_grid_manager.py::test_metrics_fields_compare_single_multi_rank_unit[exclaim_ape_R02B04-theta_ref_me-True] PASSED
model/common/tests/common/grid/mpi_tests/test_parallel_grid_manager.py::test_metrics_fields_compare_single_multi_rank_unit[exclaim_ape_R02B04-vertoffset_gradp-True] PASSED
model/common/tests/common/grid/mpi_tests/test_parallel_grid_manager.py::test_metrics_fields_compare_single_multi_rank_unit[exclaim_ape_R02B04-weighting_factor_for_quadratic_interpolation_to_cell_surface-True] PASSED
model/common/tests/common/grid/mpi_tests/test_parallel_grid_manager.py::test_metrics_fields_compare_single_multi_rank_unit[exclaim_ape_R02B04-wgtfac_c-True] XFAIL
model/common/tests/common/grid/mpi_tests/test_parallel_grid_manager.py::test_metrics_fields_compare_single_multi_rank_unit[exclaim_ape_R02B04-zdiff_gradp-True] PASSED
model/common/tests/common/grid/mpi_tests/test_parallel_grid_manager.py::test_metrics_fields_compare_single_multi_rank_unit[exclaim_ape_R02B04-zd_diffcoef-True] XFAIL
[...]
    array_ns.divide(arc_lengths, v2_norm[:, array_ns.newaxis, :], out=arc_lengths)

model/common/tests/common/grid/mpi_tests/test_parallel_grid_manager.py::test_interpolation_fields_compare_single_multi_rank_unit[exclaim_ape_R02B04-rbf_interpolation_coefficient_vertex_2-True]
model/common/tests/common/grid/mpi_tests/test_parallel_grid_manager.py::test_interpolation_fields_compare_single_multi_rank_integration[exclaim_ape_R02B04-rbf_interpolation_coefficient_vertex_1-True]
model/common/tests/common/interpolation/mpi_tests/test_parallel_interpolation.py::test_distributed_interpolation_rbf[exclaim_ape_R02B04-rbf_interpolation_coefficient_vertex_1-rbf_vec_coeff_v1-True]
model/common/tests/common/interpolation/mpi_tests/test_parallel_interpolation.py::test_distributed_interpolation_rbf[exclaim_ape_R02B04-rbf_interpolation_coefficient_vertex_2-rbf_vec_coeff_v2-True]
  /home/mjs/src/icon4py-worktrees/copilot/update-locked-packages/model/common/src/icon4py/model/common/interpolation/rbf_interpolation.py:188: RuntimeWarning: invalid value encountered in divide
    array_ns.divide(arc_lengths, norms[:, :, array_ns.newaxis], out=arc_lengths)

model/common/tests/common/grid/mpi_tests/test_parallel_grid_manager.py::test_interpolation_fields_compare_single_multi_rank_unit[exclaim_ape_R02B04-rbf_interpolation_coefficient_vertex_2-True]
model/common/tests/common/grid/mpi_tests/test_parallel_grid_manager.py::test_interpolation_fields_compare_single_multi_rank_integration[exclaim_ape_R02B04-rbf_interpolation_coefficient_vertex_1-True]
model/common/tests/common/interpolation/mpi_tests/test_parallel_interpolation.py::test_distributed_interpolation_rbf[exclaim_ape_R02B04-rbf_interpolation_coefficient_vertex_1-rbf_vec_coeff_v1-True]
model/common/tests/common/interpolation/mpi_tests/test_parallel_interpolation.py::test_distributed_interpolation_rbf[exclaim_ape_R02B04-rbf_interpolation_coefficient_vertex_2-rbf_vec_coeff_v2-True]
  /home/mjs/src/icon4py-worktrees/copilot/update-locked-packages/model/common/src/icon4py/model/common/interpolation/rbf_interpolation.py:189: RuntimeWarning: invalid value encountered in divide
    array_ns.divide(arc_lengths, norms[:, array_ns.newaxis, :], out=arc_lengths)

model/common/tests/common/grid/mpi_tests/test_parallel_grid_manager.py: 14 warnings
model/common/tests/common/metrics/mpi_tests/test_parallel_metrics.py: 3 warnings
  /home/mjs/src/icon4py-worktrees/copilot/update-locked-packages/model/common/src/icon4py/model/common/states/factory.py:624: UserWarning: Field View Program 'compute_ddqz_z_full_and_inverse': Using Python execution, consider selecting a performance backend.
    self._func.with_backend(backend)(**deps, offset_provider=offset_providers)

model/common/tests/common/grid/mpi_tests/test_parallel_grid_manager.py::test_metrics_fields_compare_single_multi_rank_unit[exclaim_ape_R02B04-coeff2_dwdz-True]
model/common/tests/common/grid/mpi_tests/test_parallel_grid_manager.py::test_metrics_fields_compare_single_multi_rank_unit[exclaim_gauss3d-coeff2_dwdz-True]
model/common/tests/common/grid/mpi_tests/test_parallel_grid_manager.py::test_metrics_fields_compare_single_multi_rank_integration[exclaim_ape_R02B04-coeff1_dwdz-True]
model/common/tests/common/grid/mpi_tests/test_parallel_grid_manager.py::test_metrics_fields_compare_single_multi_rank_integration[exclaim_gauss3d-coeff1_dwdz-True]
  /home/mjs/src/icon4py-worktrees/copilot/update-locked-packages/model/common/src/icon4py/model/common/states/factory.py:624: UserWarning: Field View Program 'compute_coeff_dwdz': Using Python execution, consider selecting a performance backend.
    self._func.with_backend(backend)(**deps, offset_provider=offset_providers)

model/common/tests/common/grid/mpi_tests/test_parallel_grid_manager.py: 26 warnings
model/common/tests/common/metrics/mpi_tests/test_parallel_metrics.py: 12 warnings
  /home/mjs/src/icon4py-worktrees/copilot/update-locked-packages/model/common/src/icon4py/model/common/states/factory.py:624: UserWarning: Field View Program 'average_two_vertical_levels_downwards_on_cells': Using Python execution, consider selecting a performance backend.
    self._func.with_backend(backend)(**deps, offset_provider=offset_providers)

model/common/tests/common/grid/mpi_tests/test_parallel_grid_manager.py: 10 warnings
  /home/mjs/src/icon4py-worktrees/copilot/update-locked-packages/model/common/src/icon4py/model/common/states/factory.py:624: UserWarning: Field View Program 'compute_reference_atmosphere_cell_fields': Using Python execution, consider selecting a performance backend.
    self._func.with_backend(backend)(**deps, offset_provider=offset_providers)

model/common/tests/common/grid/mpi_tests/test_parallel_grid_manager.py::test_metrics_fields_compare_single_multi_rank_unit[exclaim_ape_R02B04-d2dexdz2_fac2_mc-True]
model/common/tests/common/grid/mpi_tests/test_parallel_grid_manager.py::test_metrics_fields_compare_single_multi_rank_unit[exclaim_gauss3d-d2dexdz2_fac2_mc-True]
model/common/tests/common/grid/mpi_tests/test_parallel_grid_manager.py::test_metrics_fields_compare_single_multi_rank_integration[exclaim_ape_R02B04-d2dexdz2_fac1_mc-True]
model/common/tests/common/grid/mpi_tests/test_parallel_grid_manager.py::test_metrics_fields_compare_single_multi_rank_integration[exclaim_gauss3d-d2dexdz2_fac1_mc-True]
  /home/mjs/src/icon4py-worktrees/copilot/update-locked-packages/model/common/src/icon4py/model/common/states/factory.py:624: UserWarning: Field View Program 'compute_d2dexdz2_fac_mc': Using Python execution, consider selecting a performance backend.
    self._func.with_backend(backend)(**deps, offset_provider=offset_providers)

model/common/tests/common/grid/mpi_tests/test_parallel_grid_manager.py: 12 warnings
  /home/mjs/src/icon4py-worktrees/copilot/update-locked-packages/model/common/src/icon4py/model/common/states/factory.py:624: UserWarning: Field View Program 'compute_ddxn_z_half_e': Using Python execution, consider selecting a performance backend.
    self._func.with_backend(backend)(**deps, offset_provider=offset_providers)

model/common/tests/common/grid/mpi_tests/test_parallel_grid_manager.py::test_metrics_fields_compare_single_multi_rank_unit[exclaim_ape_R02B04-ddxt_z_full-True]
model/common/tests/common/grid/mpi_tests/test_parallel_grid_manager.py::test_metrics_fields_compare_single_multi_rank_unit[exclaim_ape_R02B04-ddxt_z_half_e-True]
model/common/tests/common/grid/mpi_tests/test_parallel_grid_manager.py::test_metrics_fields_compare_single_multi_rank_unit[exclaim_ape_R02B04-implicitness_weight_for_exner_and_w_in_vertical_dycore_solver-True]
model/common/tests/common/grid/mpi_tests/test_parallel_grid_manager.py::test_metrics_fields_compare_single_multi_rank_unit[exclaim_gauss3d-ddxt_z_full-True]
model/common/tests/common/grid/mpi_tests/test_parallel_grid_manager.py::test_metrics_fields_compare_single_multi_rank_unit[exclaim_gauss3d-ddxt_z_half_e-True]
model/common/tests/common/grid/mpi_tests/test_parallel_grid_manager.py::test_metrics_fields_compare_single_multi_rank_unit[exclaim_gauss3d-implicitness_weight_for_exner_and_w_in_vertical_dycore_solver-True]
model/common/tests/common/grid/mpi_tests/test_parallel_grid_manager.py::test_metrics_fields_compare_single_multi_rank_integration[exclaim_ape_R02B04-explicitness_weight_for_exner_and_w_in_vertical_dycore_solver-True]
model/common/tests/common/grid/mpi_tests/test_parallel_grid_manager.py::test_metrics_fields_compare_single_multi_rank_integration[exclaim_gauss3d-explicitness_weight_for_exner_and_w_in_vertical_dycore_solver-True]
  /home/mjs/src/icon4py-worktrees/copilot/update-locked-packages/model/common/src/icon4py/model/common/states/factory.py:624: UserWarning: Field View Program 'compute_ddxt_z_half_e': Using Python execution, consider selecting a performance backend.
    self._func.with_backend(backend)(**deps, offset_provider=offset_providers)

model/common/tests/common/grid/mpi_tests/test_parallel_grid_manager.py::test_metrics_fields_compare_single_multi_rank_unit[exclaim_ape_R02B04-ddxt_z_full-True]
model/common/tests/common/grid/mpi_tests/test_parallel_grid_manager.py::test_metrics_fields_compare_single_multi_rank_unit[exclaim_ape_R02B04-maxhgtd-True]
model/common/tests/common/grid/mpi_tests/test_parallel_grid_manager.py::test_metrics_fields_compare_single_multi_rank_unit[exclaim_ape_R02B04-maxslp-True]
model/common/tests/common/grid/mpi_tests/test_parallel_grid_manager.py::test_metrics_fields_compare_single_multi_rank_unit[exclaim_gauss3d-ddxt_z_full-True]
model/common/tests/common/grid/mpi_tests/test_parallel_grid_manager.py::test_metrics_fields_compare_single_multi_rank_unit[exclaim_gauss3d-maxhgtd-True]
model/common/tests/common/grid/mpi_tests/test_parallel_grid_manager.py::test_metrics_fields_compare_single_multi_rank_unit[exclaim_gauss3d-maxslp-True]
model/common/tests/common/grid/mpi_tests/test_parallel_grid_manager.py::test_metrics_fields_compare_single_multi_rank_integration[exclaim_ape_R02B04-ddxn_z_full-True]
model/common/tests/common/grid/mpi_tests/test_parallel_grid_manager.py::test_metrics_fields_compare_single_multi_rank_integration[exclaim_gauss3d-ddxn_z_full-True]
  /home/mjs/src/icon4py-worktrees/copilot/update-locked-packages/model/common/src/icon4py/model/common/states/factory.py:624: UserWarning: Field View Program 'average_two_vertical_levels_downwards_on_edges': Using Python execution, consider selecting a performance backend.
    self._func.with_backend(backend)(**deps, offset_provider=offset_providers)

model/common/tests/common/grid/mpi_tests/test_parallel_grid_manager.py::test_metrics_fields_compare_single_multi_rank_unit[exclaim_ape_R02B04-d_exner_dz_ref_ic-True]
model/common/tests/common/grid/mpi_tests/test_parallel_grid_manager.py::test_metrics_fields_compare_single_multi_rank_unit[exclaim_ape_R02B04-theta_ref_ic-True]
model/common/tests/common/grid/mpi_tests/test_parallel_grid_manager.py::test_metrics_fields_compare_single_multi_rank_unit[exclaim_gauss3d-d_exner_dz_ref_ic-True]
model/common/tests/common/grid/mpi_tests/test_parallel_grid_manager.py::test_metrics_fields_compare_single_multi_rank_unit[exclaim_gauss3d-theta_ref_ic-True]
  /home/mjs/src/icon4py-worktrees/copilot/update-locked-packages/model/common/src/icon4py/model/common/states/factory.py:624: UserWarning: Field View Program 'compute_theta_d_exner_dz_ref_ic': Using Python execution, consider selecting a performance backend.
    self._func.with_backend(backend)(**deps, offset_provider=offset_providers)

model/common/tests/common/grid/mpi_tests/test_parallel_grid_manager.py::test_metrics_fields_compare_single_multi_rank_unit[exclaim_ape_R02B04-horizontal_mask_for_3d_divdamp-True]
model/common/tests/common/grid/mpi_tests/test_parallel_grid_manager.py::test_metrics_fields_compare_single_multi_rank_unit[exclaim_gauss3d-horizontal_mask_for_3d_divdamp-True]
  /home/mjs/src/icon4py-worktrees/copilot/update-locked-packages/model/common/src/icon4py/model/common/states/factory.py:624: UserWarning: Field View Program 'compute_horizontal_mask_for_3d_divdamp': Using Python execution, consider selecting a performance backend.
    self._func.with_backend(backend)(**deps, offset_provider=offset_providers)

model/common/tests/common/grid/mpi_tests/test_parallel_grid_manager.py::test_metrics_fields_compare_single_multi_rank_unit[exclaim_ape_R02B04-maxhgtd-True]
model/common/tests/common/grid/mpi_tests/test_parallel_grid_manager.py::test_metrics_fields_compare_single_multi_rank_unit[exclaim_ape_R02B04-maxslp-True]
model/common/tests/common/grid/mpi_tests/test_parallel_grid_manager.py::test_metrics_fields_compare_single_multi_rank_unit[exclaim_gauss3d-maxhgtd-True]
model/common/tests/common/grid/mpi_tests/test_parallel_grid_manager.py::test_metrics_fields_compare_single_multi_rank_unit[exclaim_gauss3d-maxslp-True]
  /home/mjs/src/icon4py-worktrees/copilot/update-locked-packages/model/common/src/icon4py/model/common/states/factory.py:624: UserWarning: Field View Program 'compute_maxslp_maxhgtd': Using Python execution, consider selecting a performance backend.
    self._func.with_backend(backend)(**deps, offset_provider=offset_providers)

model/common/tests/common/grid/mpi_tests/test_parallel_grid_manager.py::test_metrics_fields_compare_single_multi_rank_unit[exclaim_ape_R02B04-rayleigh_w-True]
model/common/tests/common/grid/mpi_tests/test_parallel_grid_manager.py::test_metrics_fields_compare_single_multi_rank_unit[exclaim_gauss3d-rayleigh_w-True]
model/common/tests/common/metrics/mpi_tests/test_parallel_metrics.py::test_distributed_metrics_attrs[exclaim_ch_r04b09_dsl-rayleigh_w-rayleigh_w-None-True]
model/common/tests/common/metrics/mpi_tests/test_parallel_metrics.py::test_distributed_metrics_attrs[exclaim_ape_R02B04-rayleigh_w-rayleigh_w-None-True]
model/common/tests/common/metrics/mpi_tests/test_parallel_metrics.py::test_distributed_metrics_attrs[exclaim_gauss3d-rayleigh_w-rayleigh_w-None-True]
  /home/mjs/src/icon4py-worktrees/copilot/update-locked-packages/model/common/src/icon4py/model/common/states/factory.py:624: UserWarning: Field View Program 'compute_rayleigh_w': Using Python execution, consider selecting a performance backend.
    self._func.with_backend(backend)(**deps, offset_provider=offset_providers)

model/common/tests/common/grid/mpi_tests/test_parallel_grid_manager.py::test_metrics_fields_compare_single_multi_rank_unit[exclaim_ape_R02B04-rho_ref_me-True]
model/common/tests/common/grid/mpi_tests/test_parallel_grid_manager.py::test_metrics_fields_compare_single_multi_rank_unit[exclaim_ape_R02B04-theta_ref_me-True]
model/common/tests/common/grid/mpi_tests/test_parallel_grid_manager.py::test_metrics_fields_compare_single_multi_rank_unit[exclaim_gauss3d-rho_ref_me-True]
model/common/tests/common/grid/mpi_tests/test_parallel_grid_manager.py::test_metrics_fields_compare_single_multi_rank_unit[exclaim_gauss3d-theta_ref_me-True]
  /home/mjs/src/icon4py-worktrees/copilot/update-locked-packages/model/common/src/icon4py/model/common/states/factory.py:624: UserWarning: Field View Program 'compute_reference_atmosphere_edge_fields': Using Python execution, consider selecting a performance backend.
    self._func.with_backend(backend)(**deps, offset_provider=offset_providers)

model/common/tests/common/grid/mpi_tests/test_parallel_grid_manager.py::test_metrics_fields_compare_single_multi_rank_unit[exclaim_ape_R02B04-scaling_factor_for_3d_divergence_damping-True]
model/common/tests/common/grid/mpi_tests/test_parallel_grid_manager.py::test_metrics_fields_compare_single_multi_rank_unit[exclaim_gauss3d-scaling_factor_for_3d_divergence_damping-True]
model/common/tests/common/metrics/mpi_tests/test_parallel_metrics.py::test_distributed_metrics_attrs[exclaim_ch_r04b09_dsl-scaling_factor_for_3d_divergence_damping-scalfac_dd3d-None-True]
model/common/tests/common/metrics/mpi_tests/test_parallel_metrics.py::test_distributed_metrics_attrs[exclaim_ape_R02B04-scaling_factor_for_3d_divergence_damping-scalfac_dd3d-None-True]
model/common/tests/common/metrics/mpi_tests/test_parallel_metrics.py::test_distributed_metrics_attrs[exclaim_gauss3d-scaling_factor_for_3d_divergence_damping-scalfac_dd3d-None-True]
  /home/mjs/src/icon4py-worktrees/copilot/update-locked-packages/model/common/src/icon4py/model/common/states/factory.py:624: UserWarning: Field View Program 'compute_scaling_factor_for_3d_divdamp': Using Python execution, consider selecting a performance backend.
    self._func.with_backend(backend)(**deps, offset_provider=offset_providers)

model/common/tests/common/grid/mpi_tests/test_parallel_grid_manager.py::test_metrics_fields_compare_single_multi_rank_integration[exclaim_ape_R02B04-functional_determinant_of_metrics_on_full_levels_on_edges-True]
model/common/tests/common/grid/mpi_tests/test_parallel_grid_manager.py::test_metrics_fields_compare_single_multi_rank_integration[exclaim_gauss3d-functional_determinant_of_metrics_on_full_levels_on_edges-True]
model/common/tests/common/metrics/mpi_tests/test_parallel_metrics.py::test_distributed_metrics_attrs[exclaim_ch_r04b09_dsl-functional_determinant_of_metrics_on_full_levels_on_edges-ddqz_z_full_e-None-True]
model/common/tests/common/metrics/mpi_tests/test_parallel_metrics.py::test_distributed_metrics_attrs[exclaim_ape_R02B04-functional_determinant_of_metrics_on_full_levels_on_edges-ddqz_z_full_e-None-True]
model/common/tests/common/metrics/mpi_tests/test_parallel_metrics.py::test_distributed_metrics_attrs[exclaim_gauss3d-functional_determinant_of_metrics_on_full_levels_on_edges-ddqz_z_full_e-None-True]
  /home/mjs/src/icon4py-worktrees/copilot/update-locked-packages/model/common/src/icon4py/model/common/states/factory.py:624: UserWarning: Field View Program 'cell_2_edge_interpolation': Using Python execution, consider selecting a performance backend.
    self._func.with_backend(backend)(**deps, offset_provider=offset_providers)

model/common/tests/common/grid/mpi_tests/test_parallel_grid_manager.py::test_metrics_fields_compare_single_multi_rank_integration[exclaim_ape_R02B04-explicitness_weight_for_exner_and_w_in_vertical_dycore_solver-True]
model/common/tests/common/grid/mpi_tests/test_parallel_grid_manager.py::test_metrics_fields_compare_single_multi_rank_integration[exclaim_gauss3d-explicitness_weight_for_exner_and_w_in_vertical_dycore_solver-True]
  /home/mjs/src/icon4py-worktrees/copilot/update-locked-packages/model/common/src/icon4py/model/common/states/factory.py:624: UserWarning: Field View Program 'compute_exner_w_explicit_weight_parameter': Using Python execution, consider selecting a performance backend.
    self._func.with_backend(backend)(**deps, offset_provider=offset_providers)

model/common/tests/common/grid/mpi_tests/test_parallel_grid_manager.py::test_metrics_mask_prog_halo_c[exclaim_ape_R02B04-True]
model/common/tests/common/grid/mpi_tests/test_parallel_grid_manager.py::test_metrics_mask_prog_halo_c[exclaim_gauss3d-True]
  /home/mjs/src/icon4py-worktrees/copilot/update-locked-packages/model/common/src/icon4py/model/common/states/factory.py:624: UserWarning: Field View Program 'compute_mask_prog_halo_c': Using Python execution, consider selecting a performance backend.
    self._func.with_backend(backend)(**deps, offset_provider=offset_providers)

model/common/tests/common/interpolation/mpi_tests/test_parallel_interpolation.py::test_distributed_interpolation_with_custom_tolerance[exclaim_ch_r04b09_dsl-e_flux_average-e_flx_avg-5e-09-1e-10-True]
model/common/tests/common/interpolation/mpi_tests/test_parallel_interpolation.py::test_distributed_interpolation_with_custom_tolerance[exclaim_gauss3d-e_flux_average-e_flx_avg-5e-09-1e-10-True]
  /home/mjs/src/icon4py-worktrees/copilot/update-locked-packages/model/common/src/icon4py/model/common/interpolation/interpolation_fields.py:874: RuntimeWarning: invalid value encountered in divide
    owner_mask[llb:, None], e_flx_avg[llb:, :] / checksum[llb:, None], e_flx_avg[llb:, :]

model/common/tests/common/interpolation/mpi_tests/test_parallel_interpolation.py::test_distributed_interpolation_with_custom_tolerance[exclaim_gauss3d-e_flux_average-e_flx_avg-5e-09-1e-10-True]
  /home/mjs/src/icon4py-worktrees/copilot/update-locked-packages/model/common/src/icon4py/model/common/interpolation/interpolation_fields.py:874: RuntimeWarning: divide by zero encountered in divide
    owner_mask[llb:, None], e_flx_avg[llb:, :] / checksum[llb:, None], e_flx_avg[llb:, :]

-- Docs: https://docs.pytest.org/en/stable/how-to/capture-warnings.html
=============================== MPI Information ================================
rank: 2
size: 4
MPI version: 3.1
MPI library version: Open MPI v5.0.10, package: Open MPI nixbld@localhost Distribution, ident: 5.0.10, repo rev: v5.0.10, Feb 23, 2026 
MPI vendor: Open MPI 5.0.10
mpi4py rc: 
 initialize: False
 finalize: True
mpi4py config:
= 561 passed, 15 skipped, 1454 deselected, 226 xfailed, 425 warnings in 395.39s (0:06:35) =
